Exporter version: 6.2.0, Blender version: 2.80 (sub 75)
========= Conversion from Blender to Babylon.js =========
	Scene settings used :
		inline textures     :  false
		Material Type       :  PBR
		Positions Precision :  4
		Normals Precision   :  3
		UVs Precision       :  3
		Vert Color Precision:  3
		Mat Weight Precision:  2
		texture directory   :  F:\Universita\3ANNO\2Sem\Lab-Grafica\wamp64\www\HW3\L3\
			WARNING: unsupported node type(ShaderNodeTexSky) will trigger baking
	Python World class constructor completed
	WARNING: No active camera has been assigned, or is not in a currently selected Blender layer
	processing begun of mesh:  OBJ_Terrain_Lake
		WARNING: No materials have been assigned: 
		num positions      :  60082
		num normals        :  60082
		num tangents       :  0
		num uvs            :  120164
		num uvs2           :  0
		num colors         :  0
		num indices        :  71148
	processing begun of mesh:  OBJ_Tree5
		WARNING: No materials have been assigned: 
		num positions      :  1728
		num normals        :  1728
		num tangents       :  0
		num uvs            :  3456
		num uvs2           :  0
		num colors         :  0
		num indices        :  1728
	processing begun of mesh:  OBJ_Tree2
		WARNING: No materials have been assigned: 
		num positions      :  2592
		num normals        :  2592
		num tangents       :  0
		num uvs            :  5184
		num uvs2           :  0
		num colors         :  0
		num indices        :  2592
	processing begun of mesh:  OBJ_Tree7
		WARNING: No materials have been assigned: 
		num positions      :  3744
		num normals        :  3744
		num tangents       :  0
		num uvs            :  7488
		num uvs2           :  0
		num colors         :  0
		num indices        :  3744
	processing begun of mesh:  OBJ_Tree3
		WARNING: No materials have been assigned: 
		num positions      :  2304
		num normals        :  2304
		num tangents       :  0
		num uvs            :  4608
		num uvs2           :  0
		num colors         :  0
		num indices        :  2304
	processing begun of mesh:  OBJ_Pyramid
		WARNING: No materials have been assigned: 
		num positions      :  54
		num normals        :  54
		num tangents       :  0
		num uvs            :  108
		num uvs2           :  0
		num colors         :  0
		num indices        :  54
	processing begun of mesh:  OBJ_Ruin1
		WARNING: No materials have been assigned: 
		num positions      :  1142
		num normals        :  1142
		num tangents       :  0
		num uvs            :  2284
		num uvs2           :  0
		num colors         :  0
		num indices        :  1176
	processing begun of mesh:  OBJ_Ruin2
		WARNING: No materials have been assigned: 
		num positions      :  76
		num normals        :  76
		num tangents       :  0
		num uvs            :  152
		num uvs2           :  0
		num colors         :  0
		num indices        :  84
	processing begun of mesh:  OBJ_Column2
		WARNING: No materials have been assigned: 
		num positions      :  788
		num normals        :  788
		num tangents       :  0
		num uvs            :  1576
		num uvs2           :  0
		num colors         :  0
		num indices        :  792
	processing begun of mesh:  OBJ_Column1
		WARNING: No materials have been assigned: 
		num positions      :  788
		num normals        :  788
		num tangents       :  0
		num uvs            :  1576
		num uvs2           :  0
		num colors         :  0
		num indices        :  792
	processing begun of mesh:  OBJ_Sand1
		WARNING: No materials have been assigned: 
		num positions      :  79023
		num normals        :  79023
		num tangents       :  0
		num uvs            :  158046
		num uvs2           :  0
		num colors         :  0
		num indices        :  87846
	processing begun of mesh:  OBJ_Ruin3
		WARNING: No materials have been assigned: 
		num positions      :  2890
		num normals        :  2890
		num tangents       :  0
		num uvs            :  5780
		num uvs2           :  0
		num colors         :  0
		num indices        :  2904
	processing begun of mesh:  OBJ_Pilastri
		WARNING: No materials have been assigned: 
		num positions      :  12716
		num normals        :  12716
		num tangents       :  0
		num uvs            :  25432
		num uvs2           :  0
		num colors         :  0
		num indices        :  15318
	processing begun of mesh:  OBJ_Details
		WARNING: No materials have been assigned: 
		num positions      :  13527
		num normals        :  13527
		num tangents       :  0
		num uvs            :  27054
		num uvs2           :  0
		num colors         :  0
		num indices        :  15978
	processing begun of mesh:  OBJ_MetallicRed
		WARNING: No materials have been assigned: 
		num positions      :  46462
		num normals        :  46462
		num tangents       :  0
		num uvs            :  92924
		num uvs2           :  0
		num colors         :  0
		num indices        :  50976
	processing begun of mesh:  OBJ_Gold
		WARNING: No materials have been assigned: 
		num positions      :  129454
		num normals        :  129454
		num tangents       :  0
		num uvs            :  258908
		num uvs2           :  0
		num colors         :  0
		num indices        :  143472
	processing begun of mesh:  OBJ_Door
		WARNING: No materials have been assigned: 
		num positions      :  97
		num normals        :  97
		num tangents       :  0
		num uvs            :  194
		num uvs2           :  0
		num colors         :  0
		num indices        :  234
	processing begun of mesh:  OBJ_Grata
		WARNING: No materials have been assigned: 
		num positions      :  18886
		num normals        :  18886
		num tangents       :  0
		num uvs            :  37772
		num uvs2           :  0
		num colors         :  0
		num indices        :  21348
	processing begun of mesh:  OBJ_Platform
		WARNING: No materials have been assigned: 
		num positions      :  11378
		num normals        :  11378
		num tangents       :  0
		num uvs            :  22756
		num uvs2           :  0
		num colors         :  0
		num indices        :  12696
	processing begun of mesh:  OBJ_Rocks1
		WARNING: No materials have been assigned: 
		num positions      :  23098
		num normals        :  23098
		num tangents       :  0
		num uvs            :  46196
		num uvs2           :  0
		num colors         :  0
		num indices        :  23175
	processing begun of mesh:  OBJ_Rocks3
		WARNING: No materials have been assigned: 
		num positions      :  19740
		num normals        :  19740
		num tangents       :  0
		num uvs            :  39480
		num uvs2           :  0
		num colors         :  0
		num indices        :  19782
	processing begun of mesh:  OBJ_Rocks2
		WARNING: No materials have been assigned: 
		num positions      :  19845
		num normals        :  19845
		num tangents       :  0
		num uvs            :  39690
		num uvs2           :  0
		num colors         :  0
		num indices        :  19896
	processing begun of mesh:  OBJ_Sand2
		WARNING: No materials have been assigned: 
		num positions      :  10518
		num normals        :  10518
		num tangents       :  0
		num uvs            :  21036
		num uvs2           :  0
		num colors         :  0
		num indices        :  11616
	processing begun of mesh:  OBJ_Tree1
		WARNING: No materials have been assigned: 
		num positions      :  3024
		num normals        :  3024
		num tangents       :  0
		num uvs            :  6048
		num uvs2           :  0
		num colors         :  0
		num indices        :  3024
	processing begun of mesh:  OBJ_Tree6
		WARNING: No materials have been assigned: 
		num positions      :  2448
		num normals        :  2448
		num tangents       :  0
		num uvs            :  4896
		num uvs2           :  0
		num colors         :  0
		num indices        :  2448
	processing begun of mesh:  OBJ_Tree8
		WARNING: No materials have been assigned: 
		num positions      :  1872
		num normals        :  1872
		num tangents       :  0
		num uvs            :  3744
		num uvs2           :  0
		num colors         :  0
		num indices        :  1872
	processing begun of mesh:  OBJ_Tree4
		WARNING: No materials have been assigned: 
		num positions      :  2016
		num normals        :  2016
		num tangents       :  0
		num uvs            :  4032
		num uvs2           :  0
		num colors         :  0
		num indices        :  2016
	processing begun of mesh:  OBJ_Tree9
		WARNING: No materials have been assigned: 
		num positions      :  4464
		num normals        :  4464
		num tangents       :  0
		num uvs            :  8928
		num uvs2           :  0
		num colors         :  0
		num indices        :  4464
	processing begun of mesh:  OBJ_Circle15
		WARNING: No materials have been assigned: 
		num positions      :  2932
		num normals        :  2932
		num tangents       :  0
		num uvs            :  5864
		num uvs2           :  0
		num colors         :  0
		num indices        :  3456
	processing begun of mesh:  OBJ_Circle14
		WARNING: No materials have been assigned: 
		num positions      :  2932
		num normals        :  2932
		num tangents       :  0
		num uvs            :  5864
		num uvs2           :  0
		num colors         :  0
		num indices        :  3456
	processing begun of mesh:  OBJ_Circle16
		WARNING: No materials have been assigned: 
		num positions      :  2932
		num normals        :  2932
		num tangents       :  0
		num uvs            :  5864
		num uvs2           :  0
		num colors         :  0
		num indices        :  3456
	processing begun of mesh:  OBJ_Circle17
		WARNING: No materials have been assigned: 
		num positions      :  2929
		num normals        :  2929
		num tangents       :  0
		num uvs            :  5858
		num uvs2           :  0
		num colors         :  0
		num indices        :  3456
	processing begun of mesh:  OBJ_Circle18
		WARNING: No materials have been assigned: 
		num positions      :  2935
		num normals        :  2935
		num tangents       :  0
		num uvs            :  5870
		num uvs2           :  0
		num colors         :  0
		num indices        :  3456
	processing begun of mesh:  OBJ_Circle19
		WARNING: No materials have been assigned: 
		num positions      :  2935
		num normals        :  2935
		num tangents       :  0
		num uvs            :  5870
		num uvs2           :  0
		num colors         :  0
		num indices        :  3456
	processing begun of mesh:  OBJ_Circle13
		WARNING: No materials have been assigned: 
		num positions      :  2937
		num normals        :  2937
		num tangents       :  0
		num uvs            :  5874
		num uvs2           :  0
		num colors         :  0
		num indices        :  3456
	processing begun of mesh:  OBJ_Circle12
		WARNING: No materials have been assigned: 
		num positions      :  2946
		num normals        :  2946
		num tangents       :  0
		num uvs            :  5892
		num uvs2           :  0
		num colors         :  0
		num indices        :  3456
	processing begun of mesh:  OBJ_Circle11
		WARNING: No materials have been assigned: 
		num positions      :  2934
		num normals        :  2934
		num tangents       :  0
		num uvs            :  5868
		num uvs2           :  0
		num colors         :  0
		num indices        :  3456
	processing begun of mesh:  OBJ_Circle10
		WARNING: No materials have been assigned: 
		num positions      :  2930
		num normals        :  2930
		num tangents       :  0
		num uvs            :  5860
		num uvs2           :  0
		num colors         :  0
		num indices        :  3456
	processing begun of mesh:  OBJ_Circle9
		WARNING: No materials have been assigned: 
		num positions      :  2935
		num normals        :  2935
		num tangents       :  0
		num uvs            :  5870
		num uvs2           :  0
		num colors         :  0
		num indices        :  3456
	processing begun of mesh:  OBJ_Circle8
		WARNING: No materials have been assigned: 
		num positions      :  2932
		num normals        :  2932
		num tangents       :  0
		num uvs            :  5864
		num uvs2           :  0
		num colors         :  0
		num indices        :  3456
	processing begun of mesh:  OBJ_Circle7
		WARNING: No materials have been assigned: 
		num positions      :  2932
		num normals        :  2932
		num tangents       :  0
		num uvs            :  5864
		num uvs2           :  0
		num colors         :  0
		num indices        :  3456
	processing begun of mesh:  OBJ_Circle1
		processing begun of material:  MAT_Circles
		num positions      :  2932
		num normals        :  2932
		num tangents       :  0
		num uvs            :  5864
		num uvs2           :  0
		num colors         :  0
		num indices        :  3456
	processing begun of mesh:  OBJ_Circle2
		processing begun of material:  MAT_Circles
		registered as also a user of material:  MAT_Circles
		num positions      :  2930
		num normals        :  2930
		num tangents       :  0
		num uvs            :  5860
		num uvs2           :  0
		num colors         :  0
		num indices        :  3456
	processing begun of mesh:  OBJ_Circle3
		WARNING: No materials have been assigned: 
		num positions      :  2935
		num normals        :  2935
		num tangents       :  0
		num uvs            :  5870
		num uvs2           :  0
		num colors         :  0
		num indices        :  3456
	processing begun of mesh:  OBJ_Circle4
		WARNING: No materials have been assigned: 
		num positions      :  2930
		num normals        :  2930
		num tangents       :  0
		num uvs            :  5860
		num uvs2           :  0
		num colors         :  0
		num indices        :  3456
	processing begun of mesh:  OBJ_Circle5
		WARNING: No materials have been assigned: 
		num positions      :  2930
		num normals        :  2930
		num tangents       :  0
		num uvs            :  5860
		num uvs2           :  0
		num colors         :  0
		num indices        :  3456
	processing begun of mesh:  OBJ_Circle6
		WARNING: No materials have been assigned: 
		num positions      :  2930
		num normals        :  2930
		num tangents       :  0
		num uvs            :  5860
		num uvs2           :  0
		num colors         :  0
		num indices        :  3456
	processing begun of mesh:  OBJ_Mountains
		WARNING: No materials have been assigned: 
		num positions      :  265346
		num normals        :  265346
		num tangents       :  0
		num uvs            :  530692
		num uvs2           :  0
		num colors         :  0
		num indices        :  265707
	processing begun of mesh:  OBJ_Mountain_Terrain
		WARNING: No materials have been assigned: 
		num positions      :  32698
		num normals        :  32698
		num tangents       :  0
		num uvs            :  65396
		num uvs2           :  0
		num colors         :  0
		num indices        :  34848
	processing begun of mesh:  OBJ_Terrain_extra
		WARNING: No materials have been assigned: 
		num positions      :  64492
		num normals        :  64492
		num tangents       :  0
		num uvs            :  128984
		num uvs2           :  0
		num colors         :  0
		num indices        :  114018
	processing begun of mesh:  OBJ_Terrain_Desert
		WARNING: No materials have been assigned: 
		num positions      :  10416
		num normals        :  10416
		num tangents       :  0
		num uvs            :  20832
		num uvs2           :  0
		num colors         :  0
		num indices        :  18168
	processing begun of mesh:  OBJ_Desert
		WARNING: No materials have been assigned: 
		num positions      :  4064
		num normals        :  4064
		num tangents       :  0
		num uvs            :  8128
		num uvs2           :  0
		num colors         :  0
		num indices        :  17772
	processing begun of mesh:  OBJ_Dec_tree
		WARNING: No materials have been assigned: 
		num positions      :  42504
		num normals        :  42504
		num tangents       :  0
		num uvs            :  85008
		num uvs2           :  0
		num colors         :  0
		num indices        :  42504
	processing begun of node:  OBJ_Palace
	processing begun of mesh:  OBJ_Controller
		WARNING: No materials have been assigned: 
		num positions      :  1291
		num normals        :  1291
		num tangents       :  0
		num uvs            :  2582
		num uvs2           :  0
		num colors         :  0
		num indices        :  1440
	processing begun of mesh:  Head
		WARNING: No materials have been assigned: 
		Custom split normals with tangents being used
		num positions      :  1058
		num normals        :  1058
		num tangents       :  1058
		num uvs            :  2116
		num uvs2           :  0
		num colors         :  0
		num indices        :  2502
	processing begun of mesh:  Left_Hand
		processing begun of material:  Skin
		Custom split normals with tangents being used
		num positions      :  393
		num normals        :  393
		num tangents       :  393
		num uvs            :  786
		num uvs2           :  0
		num colors         :  0
		num indices        :  1104
	processing begun of mesh:  Left_Lower_Arm
		processing begun of material:  Skin
		registered as also a user of material:  Skin
		Custom split normals with tangents being used
		num positions      :  135
		num normals        :  135
		num tangents       :  135
		num uvs            :  270
		num uvs2           :  0
		num colors         :  0
		num indices        :  486
		WARNING: # of 0 area faces found:  16
	processing begun of mesh:  Left_Lower_leg
		processing begun of material:  Fabric
		processing begun of material:  Skin
		registered as also a user of material:  Skin
		processing begun of multimaterial:  l3.Multimaterial#0
		Custom split normals with tangents being used
		num positions      :  122
		num normals        :  122
		num tangents       :  122
		num uvs            :  244
		num uvs2           :  0
		num colors         :  0
		num indices        :  660
	processing begun of mesh:  Left_Shoe
		processing begun of material:  Skin
		registered as also a user of material:  Skin
		Custom split normals with tangents being used
		num positions      :  99
		num normals        :  99
		num tangents       :  99
		num uvs            :  198
		num uvs2           :  0
		num colors         :  0
		num indices        :  354
	processing begun of mesh:  Left_Upper_Arm
		processing begun of material:  Skin
		registered as also a user of material:  Skin
		Custom split normals with tangents being used
		num positions      :  106
		num normals        :  106
		num tangents       :  106
		num uvs            :  212
		num uvs2           :  0
		num colors         :  0
		num indices        :  330
	processing begun of mesh:  Left_Upper_Leg
		processing begun of material:  Fabric
		Custom split normals with tangents being used
		num positions      :  327
		num normals        :  327
		num tangents       :  327
		num uvs            :  654
		num uvs2           :  0
		num colors         :  0
		num indices        :  660
	processing begun of mesh:  Lower_body
		processing begun of material:  Red
		Custom split normals with tangents being used
		num positions      :  187
		num normals        :  187
		num tangents       :  187
		num uvs            :  374
		num uvs2           :  0
		num colors         :  0
		num indices        :  678
	processing begun of mesh:  Neck
		processing begun of material:  Skin
		registered as also a user of material:  Skin
		Custom split normals with tangents being used
		num positions      :  114
		num normals        :  114
		num tangents       :  114
		num uvs            :  228
		num uvs2           :  0
		num colors         :  0
		num indices        :  336
	processing begun of mesh:  Right_Hand
		processing begun of material:  Skin
		registered as also a user of material:  Skin
		Custom split normals with tangents being used
		num positions      :  393
		num normals        :  393
		num tangents       :  393
		num uvs            :  786
		num uvs2           :  0
		num colors         :  0
		num indices        :  1104
	processing begun of mesh:  Right_Lower_Arm
		processing begun of material:  Skin
		registered as also a user of material:  Skin
		Custom split normals with tangents being used
		num positions      :  135
		num normals        :  135
		num tangents       :  135
		num uvs            :  270
		num uvs2           :  0
		num colors         :  0
		num indices        :  486
		WARNING: # of 0 area faces found:  16
	processing begun of mesh:  Right_Lower_Leg
		processing begun of material:  Fabric
		processing begun of material:  Skin
		registered as also a user of material:  Skin
		processing begun of multimaterial:  l3.Multimaterial#1
		Custom split normals with tangents being used
		num positions      :  122
		num normals        :  122
		num tangents       :  122
		num uvs            :  244
		num uvs2           :  0
		num colors         :  0
		num indices        :  660
	processing begun of mesh:  Right_Shoe
		processing begun of material:  Skin
		registered as also a user of material:  Skin
		Custom split normals with tangents being used
		num positions      :  99
		num normals        :  99
		num tangents       :  99
		num uvs            :  198
		num uvs2           :  0
		num colors         :  0
		num indices        :  354
	processing begun of mesh:  Right_Upper_Arm
		processing begun of material:  Skin
		registered as also a user of material:  Skin
		Custom split normals with tangents being used
		num positions      :  110
		num normals        :  110
		num tangents       :  110
		num uvs            :  220
		num uvs2           :  0
		num colors         :  0
		num indices        :  330
	processing begun of mesh:  Right_Upper_Leg
		processing begun of material:  Fabric
		registered as also a user of material:  Fabric
		Custom split normals with tangents being used
		num positions      :  161
		num normals        :  161
		num tangents       :  161
		num uvs            :  322
		num uvs2           :  0
		num colors         :  0
		num indices        :  660
	processing begun of mesh:  Root
		processing begun of material:  Skin
		registered as also a user of material:  Skin
		Custom split normals with tangents being used
		num positions      :  220
		num normals        :  220
		num tangents       :  220
		num uvs            :  440
		num uvs2           :  0
		num colors         :  0
		num indices        :  438
	processing begun of mesh:  Upper_Body
		processing begun of material:  Purple
		processing begun of material:  Skin
		registered as also a user of material:  Skin
		processing begun of multimaterial:  l3.Multimaterial#2
		Custom split normals with tangents being used
		num positions      :  640
		num normals        :  640
		num tangents       :  640
		num uvs            :  1280
		num uvs2           :  0
		num colors         :  0
		num indices        :  1482
	processing begun of mesh:  CX_Palace
		WARNING: No materials have been assigned: 
		num positions      :  29
		num normals        :  29
		num tangents       :  0
		num uvs            :  58
		num uvs2           :  0
		num colors         :  0
		num indices        :  36
	processing begun of mesh:  CX_Floor
		WARNING: No materials have been assigned: 
		num positions      :  214
		num normals        :  214
		num tangents       :  0
		num uvs            :  428
		num uvs2           :  0
		num colors         :  0
		num indices        :  276
	processing begun of mesh:  CX_1
		WARNING: No materials have been assigned: 
		num positions      :  310
		num normals        :  310
		num tangents       :  0
		num uvs            :  620
		num uvs2           :  0
		num colors         :  0
		num indices        :  402
		WARNING: # of 0 area faces found:  8
	processing begun of mesh:  CX_2
		WARNING: No materials have been assigned: 
		num positions      :  323
		num normals        :  323
		num tangents       :  0
		num uvs            :  646
		num uvs2           :  0
		num colors         :  0
		num indices        :  420
	processing begun of mesh:  CX_Roof
		WARNING: No materials have been assigned: 
		num positions      :  65
		num normals        :  65
		num tangents       :  0
		num uvs            :  130
		num uvs2           :  0
		num colors         :  0
		num indices        :  84
	processing begun of mesh:  CX_Back
		WARNING: No materials have been assigned: 
		num positions      :  29
		num normals        :  29
		num tangents       :  0
		num uvs            :  58
		num uvs2           :  0
		num colors         :  0
		num indices        :  36
	processing begun of mesh:  CX_19
		WARNING: No materials have been assigned: 
		num positions      :  2612
		num normals        :  2612
		num tangents       :  0
		num uvs            :  5224
		num uvs2           :  0
		num colors         :  0
		num indices        :  2880
	processing begun of mesh:  CX_20
		WARNING: No materials have been assigned: 
		num positions      :  2612
		num normals        :  2612
		num tangents       :  0
		num uvs            :  5224
		num uvs2           :  0
		num colors         :  0
		num indices        :  2880
	processing begun of mesh:  CX_21
		WARNING: No materials have been assigned: 
		num positions      :  2612
		num normals        :  2612
		num tangents       :  0
		num uvs            :  5224
		num uvs2           :  0
		num colors         :  0
		num indices        :  2880
	processing begun of mesh:  CX_22
		WARNING: No materials have been assigned: 
		num positions      :  2612
		num normals        :  2612
		num tangents       :  0
		num uvs            :  5224
		num uvs2           :  0
		num colors         :  0
		num indices        :  2880
	processing begun of mesh:  CX_23
		WARNING: No materials have been assigned: 
		num positions      :  2612
		num normals        :  2612
		num tangents       :  0
		num uvs            :  5224
		num uvs2           :  0
		num colors         :  0
		num indices        :  2880
	processing begun of mesh:  CX_25
		WARNING: No materials have been assigned: 
		num positions      :  504
		num normals        :  504
		num tangents       :  0
		num uvs            :  1008
		num uvs2           :  0
		num colors         :  0
		num indices        :  576
	processing begun of mesh:  CX_24
		WARNING: No materials have been assigned: 
		num positions      :  494
		num normals        :  494
		num tangents       :  0
		num uvs            :  988
		num uvs2           :  0
		num colors         :  0
		num indices        :  558
	processing begun of mesh:  CX_26
		WARNING: No materials have been assigned: 
		num positions      :  452
		num normals        :  452
		num tangents       :  0
		num uvs            :  904
		num uvs2           :  0
		num colors         :  0
		num indices        :  516
	processing begun of mesh:  CX_9
		WARNING: No materials have been assigned: 
		num positions      :  29
		num normals        :  29
		num tangents       :  0
		num uvs            :  58
		num uvs2           :  0
		num colors         :  0
		num indices        :  36
	processing begun of mesh:  CX_11
		WARNING: No materials have been assigned: 
		num positions      :  29
		num normals        :  29
		num tangents       :  0
		num uvs            :  58
		num uvs2           :  0
		num colors         :  0
		num indices        :  36
	processing begun of mesh:  CX_27
		WARNING: No materials have been assigned: 
		num positions      :  2612
		num normals        :  2612
		num tangents       :  0
		num uvs            :  5224
		num uvs2           :  0
		num colors         :  0
		num indices        :  2880
	processing begun of mesh:  CX_28
		WARNING: No materials have been assigned: 
		num positions      :  2612
		num normals        :  2612
		num tangents       :  0
		num uvs            :  5224
		num uvs2           :  0
		num colors         :  0
		num indices        :  2880
	processing begun of mesh:  CX_29
		WARNING: No materials have been assigned: 
		num positions      :  2612
		num normals        :  2612
		num tangents       :  0
		num uvs            :  5224
		num uvs2           :  0
		num colors         :  0
		num indices        :  2880
	processing begun of mesh:  CX_30
		WARNING: No materials have been assigned: 
		num positions      :  2612
		num normals        :  2612
		num tangents       :  0
		num uvs            :  5224
		num uvs2           :  0
		num colors         :  0
		num indices        :  2880
	processing begun of mesh:  CX_31
		WARNING: No materials have been assigned: 
		num positions      :  2612
		num normals        :  2612
		num tangents       :  0
		num uvs            :  5224
		num uvs2           :  0
		num colors         :  0
		num indices        :  2880
	processing begun of mesh:  CX_32
		WARNING: No materials have been assigned: 
		num positions      :  2612
		num normals        :  2612
		num tangents       :  0
		num uvs            :  5224
		num uvs2           :  0
		num colors         :  0
		num indices        :  2880
	processing begun of mesh:  CX_33
		WARNING: No materials have been assigned: 
		num positions      :  2618
		num normals        :  2618
		num tangents       :  0
		num uvs            :  5236
		num uvs2           :  0
		num colors         :  0
		num indices        :  2880
	processing begun of mesh:  CX_34
		WARNING: No materials have been assigned: 
		num positions      :  2623
		num normals        :  2623
		num tangents       :  0
		num uvs            :  5246
		num uvs2           :  0
		num colors         :  0
		num indices        :  2880
	processing begun of mesh:  CX_35
		WARNING: No materials have been assigned: 
		num positions      :  2613
		num normals        :  2613
		num tangents       :  0
		num uvs            :  5226
		num uvs2           :  0
		num colors         :  0
		num indices        :  2880
	processing begun of mesh:  CX_36
		WARNING: No materials have been assigned: 
		num positions      :  2613
		num normals        :  2613
		num tangents       :  0
		num uvs            :  5226
		num uvs2           :  0
		num colors         :  0
		num indices        :  2880
	processing begun of mesh:  CX_10
		WARNING: No materials have been assigned: 
		num positions      :  29
		num normals        :  29
		num tangents       :  0
		num uvs            :  58
		num uvs2           :  0
		num colors         :  0
		num indices        :  36
	processing begun of mesh:  CX_12
		WARNING: No materials have been assigned: 
		num positions      :  208
		num normals        :  208
		num tangents       :  0
		num uvs            :  416
		num uvs2           :  0
		num colors         :  0
		num indices        :  270
	processing begun of mesh:  CX_13
		WARNING: No materials have been assigned: 
		num positions      :  213
		num normals        :  213
		num tangents       :  0
		num uvs            :  426
		num uvs2           :  0
		num colors         :  0
		num indices        :  252
	processing begun of mesh:  CX_14
		WARNING: No materials have been assigned: 
		num positions      :  115
		num normals        :  115
		num tangents       :  0
		num uvs            :  230
		num uvs2           :  0
		num colors         :  0
		num indices        :  132
	processing begun of mesh:  CX_15
		WARNING: No materials have been assigned: 
		num positions      :  155
		num normals        :  155
		num tangents       :  0
		num uvs            :  310
		num uvs2           :  0
		num colors         :  0
		num indices        :  156
	processing begun of mesh:  CX_16
		WARNING: No materials have been assigned: 
		num positions      :  376
		num normals        :  376
		num tangents       :  0
		num uvs            :  752
		num uvs2           :  0
		num colors         :  0
		num indices        :  378
	processing begun of mesh:  CX_17
		WARNING: No materials have been assigned: 
		num positions      :  128
		num normals        :  128
		num tangents       :  0
		num uvs            :  256
		num uvs2           :  0
		num colors         :  0
		num indices        :  132
	processing begun of mesh:  CX_18
		WARNING: No materials have been assigned: 
		num positions      :  57
		num normals        :  57
		num tangents       :  0
		num uvs            :  114
		num uvs2           :  0
		num colors         :  0
		num indices        :  60
	processing begun of mesh:  CX_3
		WARNING: No materials have been assigned: 
		num positions      :  885
		num normals        :  885
		num tangents       :  0
		num uvs            :  1770
		num uvs2           :  0
		num colors         :  0
		num indices        :  1080
	processing begun of mesh:  CX_4
		WARNING: No materials have been assigned: 
		num positions      :  1316
		num normals        :  1316
		num tangents       :  0
		num uvs            :  2632
		num uvs2           :  0
		num colors         :  0
		num indices        :  1620
	processing begun of mesh:  CX_5
		WARNING: No materials have been assigned: 
		num positions      :  29
		num normals        :  29
		num tangents       :  0
		num uvs            :  58
		num uvs2           :  0
		num colors         :  0
		num indices        :  36
	processing begun of mesh:  CX_7
		WARNING: No materials have been assigned: 
		num positions      :  29
		num normals        :  29
		num tangents       :  0
		num uvs            :  58
		num uvs2           :  0
		num colors         :  0
		num indices        :  36
	processing begun of mesh:  CX_6
		WARNING: No materials have been assigned: 
		num positions      :  61
		num normals        :  61
		num tangents       :  0
		num uvs            :  122
		num uvs2           :  0
		num colors         :  0
		num indices        :  84
	processing begun of mesh:  CX_8
		WARNING: No materials have been assigned: 
		num positions      :  109
		num normals        :  109
		num tangents       :  0
		num uvs            :  218
		num uvs2           :  0
		num colors         :  0
		num indices        :  132
	processing begun of mesh:  CX_37
		WARNING: No materials have been assigned: 
		num positions      :  35
		num normals        :  35
		num tangents       :  0
		num uvs            :  70
		num uvs2           :  0
		num colors         :  0
		num indices        :  36
	processing begun of mesh:  OBJ_Carpet
		WARNING: No materials have been assigned: 
		num positions      :  2837
		num normals        :  2837
		num tangents       :  0
		num uvs            :  5674
		num uvs2           :  0
		num colors         :  0
		num indices        :  2904
	processing begun of light (DIRECTIONAL):  Sun
	processing begun of light (DIRECTIONAL):  Sun.001
	processing begun of light (POINT):  Point
	processing begun of light (POINT):  Point.001
	processing begun of light (POINT):  Point.002
	processing begun of light (POINT):  Point.003
========= Writing of JSON file started =========
	writing mesh:  OBJ_Terrain_Lake
	writing mesh:  OBJ_Tree5
	writing mesh:  OBJ_Tree2
	writing mesh:  OBJ_Tree7
	writing mesh:  OBJ_Tree3
	writing mesh:  OBJ_Pyramid
	writing mesh:  OBJ_Ruin1
	writing mesh:  OBJ_Ruin2
	writing mesh:  OBJ_Column2
	writing mesh:  OBJ_Column1
	writing mesh:  OBJ_Sand1
	writing mesh:  OBJ_Ruin3
	writing mesh:  OBJ_Pilastri
	writing mesh:  OBJ_Details
	writing mesh:  OBJ_MetallicRed
	writing mesh:  OBJ_Gold
	writing mesh:  OBJ_Door
	writing mesh:  OBJ_Grata
	writing mesh:  OBJ_Platform
	writing mesh:  OBJ_Rocks1
	writing mesh:  OBJ_Rocks3
	writing mesh:  OBJ_Rocks2
	writing mesh:  OBJ_Sand2
	writing mesh:  OBJ_Tree1
	writing mesh:  OBJ_Tree6
	writing mesh:  OBJ_Tree8
	writing mesh:  OBJ_Tree4
	writing mesh:  OBJ_Tree9
	writing mesh:  OBJ_Circle15
	writing mesh:  OBJ_Circle14
	writing mesh:  OBJ_Circle16
	writing mesh:  OBJ_Circle17
	writing mesh:  OBJ_Circle18
	writing mesh:  OBJ_Circle19
	writing mesh:  OBJ_Circle13
	writing mesh:  OBJ_Circle12
	writing mesh:  OBJ_Circle11
	writing mesh:  OBJ_Circle10
	writing mesh:  OBJ_Circle9
	writing mesh:  OBJ_Circle8
	writing mesh:  OBJ_Circle7
	writing mesh:  OBJ_Circle1
	writing mesh:  OBJ_Circle2
	writing mesh:  OBJ_Circle3
	writing mesh:  OBJ_Circle4
	writing mesh:  OBJ_Circle5
	writing mesh:  OBJ_Circle6
	writing mesh:  OBJ_Mountains
	writing mesh:  OBJ_Mountain_Terrain
	writing mesh:  OBJ_Terrain_extra
	writing mesh:  OBJ_Terrain_Desert
	writing mesh:  OBJ_Desert
	writing mesh:  OBJ_Dec_tree
	writing mesh:  OBJ_Controller
	writing mesh:  Head
	writing mesh:  Left_Hand
	writing mesh:  Left_Lower_Arm
	writing mesh:  Left_Lower_leg
	writing mesh:  Left_Shoe
	writing mesh:  Left_Upper_Arm
	writing mesh:  Left_Upper_Leg
	writing mesh:  Lower_body
	writing mesh:  Neck
	writing mesh:  Right_Hand
	writing mesh:  Right_Lower_Arm
	writing mesh:  Right_Lower_Leg
	writing mesh:  Right_Shoe
	writing mesh:  Right_Upper_Arm
	writing mesh:  Right_Upper_Leg
	writing mesh:  Root
	writing mesh:  Upper_Body
	writing mesh:  CX_Palace
	writing mesh:  CX_Floor
	writing mesh:  CX_1
	writing mesh:  CX_2
	writing mesh:  CX_Roof
	writing mesh:  CX_Back
	writing mesh:  CX_19
	writing mesh:  CX_20
	writing mesh:  CX_21
	writing mesh:  CX_22
	writing mesh:  CX_23
	writing mesh:  CX_25
	writing mesh:  CX_24
	writing mesh:  CX_26
	writing mesh:  CX_9
	writing mesh:  CX_11
	writing mesh:  CX_27
	writing mesh:  CX_28
	writing mesh:  CX_29
	writing mesh:  CX_30
	writing mesh:  CX_31
	writing mesh:  CX_32
	writing mesh:  CX_33
	writing mesh:  CX_34
	writing mesh:  CX_35
	writing mesh:  CX_36
	writing mesh:  CX_10
	writing mesh:  CX_12
	writing mesh:  CX_13
	writing mesh:  CX_14
	writing mesh:  CX_15
	writing mesh:  CX_16
	writing mesh:  CX_17
	writing mesh:  CX_18
	writing mesh:  CX_3
	writing mesh:  CX_4
	writing mesh:  CX_5
	writing mesh:  CX_7
	writing mesh:  CX_6
	writing mesh:  CX_8
	writing mesh:  CX_37
	writing mesh:  OBJ_Carpet
========= Writing of JSON file completed =========
========= end of processing =========
elapsed time:  0 min, 30.1811 secs
