Exporter version: 6.2.0, Blender version: 2.80 (sub 75)
========= Conversion from Blender to Babylon.js =========
	Scene settings used :
		inline textures     :  false
		Material Type       :  PBR
		Positions Precision :  4
		Normals Precision   :  3
		UVs Precision       :  3
		Vert Color Precision:  3
		Mat Weight Precision:  2
		texture directory   :  F:\Universita\3ANNO\2Sem\Lab-Grafica\wamp64\www\HW3\L2\
			WARNING: unsupported node type(ShaderNodeRGB) will trigger baking
	Python World class constructor completed
	WARNING: No active camera has been assigned, or is not in a currently selected Blender layer
	processing begun of mesh:  OBJ_street
		WARNING: No materials have been assigned: 
		num positions      :  4
		num normals        :  4
		num tangents       :  0
		num uvs            :  8
		num uvs2           :  0
		num colors         :  0
		num indices        :  6
	processing begun of mesh:  OBJ_wall4
		WARNING: No materials have been assigned: 
		num positions      :  1029
		num normals        :  1029
		num tangents       :  0
		num uvs            :  2058
		num uvs2           :  0
		num colors         :  0
		num indices        :  1656
	processing begun of mesh:  OBJ_carpetFloor
		WARNING: No materials have been assigned: 
		num positions      :  12
		num normals        :  12
		num tangents       :  0
		num uvs            :  24
		num uvs2           :  0
		num colors         :  0
		num indices        :  18
	processing begun of mesh:  OBJ_detailsHouse3
		WARNING: No materials have been assigned: 
		num positions      :  19432
		num normals        :  19432
		num tangents       :  0
		num uvs            :  38864
		num uvs2           :  0
		num colors         :  0
		num indices        :  24852
	processing begun of mesh:  OBJ_wall2
		WARNING: No materials have been assigned: 
		num positions      :  2387
		num normals        :  2387
		num tangents       :  0
		num uvs            :  4774
		num uvs2           :  0
		num colors         :  0
		num indices        :  3201
	processing begun of mesh:  OBJ_glass
		WARNING: No materials have been assigned: 
		num positions      :  46876
		num normals        :  46876
		num tangents       :  0
		num uvs            :  93752
		num uvs2           :  0
		num colors         :  0
		num indices        :  52224
	processing begun of mesh:  OBJ_wall10
		WARNING: No materials have been assigned: 
		num positions      :  1552
		num normals        :  1552
		num tangents       :  0
		num uvs            :  3104
		num uvs2           :  0
		num colors         :  0
		num indices        :  1782
	processing begun of mesh:  OBJ_houseDet1
		WARNING: No materials have been assigned: 
		num positions      :  1121
		num normals        :  1121
		num tangents       :  0
		num uvs            :  2242
		num uvs2           :  0
		num colors         :  0
		num indices        :  1578
	processing begun of mesh:  OBJ_houseDet2
		WARNING: No materials have been assigned: 
		num positions      :  361
		num normals        :  361
		num tangents       :  0
		num uvs            :  722
		num uvs2           :  0
		num colors         :  0
		num indices        :  432
	processing begun of mesh:  OBJ_wall6
		WARNING: No materials have been assigned: 
		num positions      :  996
		num normals        :  996
		num tangents       :  0
		num uvs            :  1992
		num uvs2           :  0
		num colors         :  0
		num indices        :  1620
	processing begun of mesh:  OBJ_carpetOrange
		WARNING: No materials have been assigned: 
		num positions      :  16
		num normals        :  16
		num tangents       :  0
		num uvs            :  32
		num uvs2           :  0
		num colors         :  0
		num indices        :  24
	processing begun of mesh:  OBJ_carpetRed
		WARNING: No materials have been assigned: 
		num positions      :  12
		num normals        :  12
		num tangents       :  0
		num uvs            :  24
		num uvs2           :  0
		num colors         :  0
		num indices        :  18
	processing begun of mesh:  OBJ_wall11
		WARNING: No materials have been assigned: 
		num positions      :  2328
		num normals        :  2328
		num tangents       :  0
		num uvs            :  4656
		num uvs2           :  0
		num colors         :  0
		num indices        :  3192
	processing begun of mesh:  OBJ_houseDet
		WARNING: No materials have been assigned: 
		num positions      :  3824
		num normals        :  3824
		num tangents       :  0
		num uvs            :  7648
		num uvs2           :  0
		num colors         :  0
		num indices        :  7254
	processing begun of mesh:  OBJ_wall5
		WARNING: No materials have been assigned: 
		num positions      :  37
		num normals        :  37
		num tangents       :  0
		num uvs            :  74
		num uvs2           :  0
		num colors         :  0
		num indices        :  48
	processing begun of mesh:  OBJ_carpet
		WARNING: No materials have been assigned: 
		num positions      :  8289
		num normals        :  8289
		num tangents       :  0
		num uvs            :  16578
		num uvs2           :  0
		num colors         :  0
		num indices        :  8388
	processing begun of mesh:  OBJ_wood
		WARNING: No materials have been assigned: 
		num positions      :  511
		num normals        :  511
		num tangents       :  0
		num uvs            :  1022
		num uvs2           :  0
		num colors         :  0
		num indices        :  612
	processing begun of mesh:  OBJ_wall12
		WARNING: No materials have been assigned: 
		num positions      :  739
		num normals        :  739
		num tangents       :  0
		num uvs            :  1478
		num uvs2           :  0
		num colors         :  0
		num indices        :  1296
	processing begun of mesh:  OBJ_juta
		WARNING: No materials have been assigned: 
		num positions      :  28
		num normals        :  28
		num tangents       :  0
		num uvs            :  56
		num uvs2           :  0
		num colors         :  0
		num indices        :  42
	processing begun of mesh:  OBJ_wall9
		WARNING: No materials have been assigned: 
		num positions      :  309
		num normals        :  309
		num tangents       :  0
		num uvs            :  618
		num uvs2           :  0
		num colors         :  0
		num indices        :  372
	processing begun of mesh:  OBJ_wall7
		WARNING: No materials have been assigned: 
		num positions      :  841
		num normals        :  841
		num tangents       :  0
		num uvs            :  1682
		num uvs2           :  0
		num colors         :  0
		num indices        :  1020
	processing begun of mesh:  OBJ_tube1
		WARNING: No materials have been assigned: 
		num positions      :  3656
		num normals        :  3656
		num tangents       :  0
		num uvs            :  7312
		num uvs2           :  0
		num colors         :  0
		num indices        :  4308
	processing begun of mesh:  OBJ_arabDetails
		WARNING: No materials have been assigned: 
		num positions      :  303
		num normals        :  303
		num tangents       :  0
		num uvs            :  606
		num uvs2           :  0
		num colors         :  0
		num indices        :  666
	processing begun of mesh:  OBJ_brick
		WARNING: No materials have been assigned: 
		num positions      :  699
		num normals        :  699
		num tangents       :  0
		num uvs            :  1398
		num uvs2           :  0
		num colors         :  0
		num indices        :  816
	processing begun of mesh:  OBJ_tube2
		WARNING: No materials have been assigned: 
		num positions      :  171
		num normals        :  171
		num tangents       :  0
		num uvs            :  342
		num uvs2           :  0
		num colors         :  0
		num indices        :  222
	processing begun of mesh:  OBJ_wall
		WARNING: No materials have been assigned: 
		num positions      :  139
		num normals        :  139
		num tangents       :  0
		num uvs            :  278
		num uvs2           :  0
		num colors         :  0
		num indices        :  222
	processing begun of mesh:  OBJ_wood5
		WARNING: No materials have been assigned: 
		num positions      :  570
		num normals        :  570
		num tangents       :  0
		num uvs            :  1140
		num uvs2           :  0
		num colors         :  0
		num indices        :  696
	processing begun of mesh:  OBJ_wall3
		WARNING: No materials have been assigned: 
		num positions      :  1064
		num normals        :  1064
		num tangents       :  0
		num uvs            :  2128
		num uvs2           :  0
		num colors         :  0
		num indices        :  1668
	processing begun of mesh:  OBJ_carpetPersian
		WARNING: No materials have been assigned: 
		num positions      :  32
		num normals        :  32
		num tangents       :  0
		num uvs            :  64
		num uvs2           :  0
		num colors         :  0
		num indices        :  48
	processing begun of mesh:  OBJ_wall8
		WARNING: No materials have been assigned: 
		num positions      :  400
		num normals        :  400
		num tangents       :  0
		num uvs            :  800
		num uvs2           :  0
		num colors         :  0
		num indices        :  600
	processing begun of mesh:  OBJ_brick2
		WARNING: No materials have been assigned: 
		num positions      :  126
		num normals        :  126
		num tangents       :  0
		num uvs            :  252
		num uvs2           :  0
		num colors         :  0
		num indices        :  312
	processing begun of mesh:  OBJ_gold
		WARNING: No materials have been assigned: 
		num positions      :  361644
		num normals        :  361644
		num tangents       :  0
		num uvs            :  723288
		num uvs2           :  0
		num colors         :  0
		num indices        :  391830
	processing begun of mesh:  OBJ_wood6
		WARNING: No materials have been assigned: 
		num positions      :  16
		num normals        :  16
		num tangents       :  0
		num uvs            :  32
		num uvs2           :  0
		num colors         :  0
		num indices        :  24
	processing begun of mesh:  OBJ_woodPurple
		WARNING: No materials have been assigned: 
		num positions      :  40
		num normals        :  40
		num tangents       :  0
		num uvs            :  80
		num uvs2           :  0
		num colors         :  0
		num indices        :  72
	processing begun of mesh:  OBJ_floor
		WARNING: No materials have been assigned: 
		num positions      :  4
		num normals        :  4
		num tangents       :  0
		num uvs            :  8
		num uvs2           :  0
		num colors         :  0
		num indices        :  6
	processing begun of mesh:  OBJ_lampBlack
		WARNING: No materials have been assigned: 
		num positions      :  4508
		num normals        :  4508
		num tangents       :  0
		num uvs            :  9016
		num uvs2           :  0
		num colors         :  0
		num indices        :  5130
	processing begun of mesh:  OBJ_rustyWhite
		WARNING: No materials have been assigned: 
		num positions      :  3381
		num normals        :  3381
		num tangents       :  0
		num uvs            :  6762
		num uvs2           :  0
		num colors         :  0
		num indices        :  4335
	processing begun of mesh:  OBJ_rusty
		WARNING: No materials have been assigned: 
		num positions      :  2408
		num normals        :  2408
		num tangents       :  0
		num uvs            :  4816
		num uvs2           :  0
		num colors         :  0
		num indices        :  3156
	processing begun of mesh:  OBJ_cane
		WARNING: No materials have been assigned: 
		num positions      :  87
		num normals        :  87
		num tangents       :  0
		num uvs            :  174
		num uvs2           :  0
		num colors         :  0
		num indices        :  108
	processing begun of mesh:  OBJ_palm
		WARNING: No materials have been assigned: 
		num positions      :  189646
		num normals        :  189646
		num tangents       :  0
		num uvs            :  379292
		num uvs2           :  0
		num colors         :  0
		num indices        :  189660
	processing begun of mesh:  OBJ_bark
		WARNING: No materials have been assigned: 
		num positions      :  27762
		num normals        :  27762
		num tangents       :  0
		num uvs            :  55524
		num uvs2           :  0
		num colors         :  0
		num indices        :  27780
	processing begun of mesh:  OBJ_woodBarrell
		WARNING: No materials have been assigned: 
		num positions      :  28911
		num normals        :  28911
		num tangents       :  0
		num uvs            :  57822
		num uvs2           :  0
		num colors         :  0
		num indices        :  36366
	processing begun of mesh:  OBJ_iron
		WARNING: No materials have been assigned: 
		num positions      :  37900
		num normals        :  37900
		num tangents       :  0
		num uvs            :  75800
		num uvs2           :  0
		num colors         :  0
		num indices        :  43776
	processing begun of mesh:  OBJ_rivets
		WARNING: No materials have been assigned: 
		num positions      :  536612
		num normals        :  536612
		num tangents       :  0
		num uvs            :  1073224
		num uvs2           :  0
		num colors         :  2146448
		num indices        :  550008
	processing begun of mesh:  OBJ_wood2
		WARNING: No materials have been assigned: 
		num positions      :  37781
		num normals        :  37781
		num tangents       :  0
		num uvs            :  75562
		num uvs2           :  0
		num colors         :  0
		num indices        :  44568
	processing begun of mesh:  OBJ_wood3
		WARNING: No materials have been assigned: 
		num positions      :  8240
		num normals        :  8240
		num tangents       :  0
		num uvs            :  16480
		num uvs2           :  0
		num colors         :  0
		num indices        :  9480
	processing begun of mesh:  OBJ_wood4
		WARNING: No materials have been assigned: 
		num positions      :  15427
		num normals        :  15427
		num tangents       :  0
		num uvs            :  30854
		num uvs2           :  0
		num colors         :  0
		num indices        :  16368
	processing begun of mesh:  OBJ_tent4
		WARNING: No materials have been assigned: 
		num positions      :  12077
		num normals        :  12077
		num tangents       :  0
		num uvs            :  24154
		num uvs2           :  0
		num colors         :  0
		num indices        :  12114
	processing begun of mesh:  OBJ_tent2
		WARNING: No materials have been assigned: 
		num positions      :  17492
		num normals        :  17492
		num tangents       :  0
		num uvs            :  34984
		num uvs2           :  0
		num colors         :  0
		num indices        :  17550
	processing begun of mesh:  OBJ_tent3
		WARNING: No materials have been assigned: 
		num positions      :  17797
		num normals        :  17797
		num tangents       :  0
		num uvs            :  35594
		num uvs2           :  0
		num colors         :  0
		num indices        :  17850
	processing begun of mesh:  OBJ_tent1
		WARNING: No materials have been assigned: 
		num positions      :  18145
		num normals        :  18145
		num tangents       :  0
		num uvs            :  36290
		num uvs2           :  0
		num colors         :  0
		num indices        :  18210
	processing begun of mesh:  OBJ_cinta
		WARNING: No materials have been assigned: 
		num positions      :  464
		num normals        :  464
		num tangents       :  0
		num uvs            :  928
		num uvs2           :  0
		num colors         :  0
		num indices        :  576
	processing begun of mesh:  CX_Floor
		WARNING: No materials have been assigned: 
		num positions      :  29
		num normals        :  29
		num tangents       :  0
		num uvs            :  58
		num uvs2           :  0
		num colors         :  0
		num indices        :  36
	processing begun of mesh:  CX_house1
		WARNING: No materials have been assigned: 
		num positions      :  29
		num normals        :  29
		num tangents       :  0
		num uvs            :  58
		num uvs2           :  0
		num colors         :  0
		num indices        :  36
	processing begun of mesh:  CX_house1Det1
		WARNING: No materials have been assigned: 
		num positions      :  29
		num normals        :  29
		num tangents       :  0
		num uvs            :  58
		num uvs2           :  0
		num colors         :  0
		num indices        :  36
	processing begun of mesh:  CX_house1Det2
		WARNING: No materials have been assigned: 
		num positions      :  29
		num normals        :  29
		num tangents       :  0
		num uvs            :  58
		num uvs2           :  0
		num colors         :  0
		num indices        :  36
	processing begun of mesh:  CX_house1Det3
		WARNING: No materials have been assigned: 
		num positions      :  29
		num normals        :  29
		num tangents       :  0
		num uvs            :  58
		num uvs2           :  0
		num colors         :  0
		num indices        :  36
	processing begun of mesh:  CX_house1Det4
		WARNING: No materials have been assigned: 
		num positions      :  29
		num normals        :  29
		num tangents       :  0
		num uvs            :  58
		num uvs2           :  0
		num colors         :  0
		num indices        :  36
	processing begun of mesh:  CX_house2
		WARNING: No materials have been assigned: 
		num positions      :  29
		num normals        :  29
		num tangents       :  0
		num uvs            :  58
		num uvs2           :  0
		num colors         :  0
		num indices        :  36
	processing begun of mesh:  CX_house2Det1
		WARNING: No materials have been assigned: 
		num positions      :  29
		num normals        :  29
		num tangents       :  0
		num uvs            :  58
		num uvs2           :  0
		num colors         :  0
		num indices        :  36
	processing begun of mesh:  CX_house2Det2
		WARNING: No materials have been assigned: 
		num positions      :  29
		num normals        :  29
		num tangents       :  0
		num uvs            :  58
		num uvs2           :  0
		num colors         :  0
		num indices        :  36
	processing begun of mesh:  CX_house3
		WARNING: No materials have been assigned: 
		num positions      :  29
		num normals        :  29
		num tangents       :  0
		num uvs            :  58
		num uvs2           :  0
		num colors         :  0
		num indices        :  36
	processing begun of mesh:  CX_house8
		WARNING: No materials have been assigned: 
		num positions      :  48
		num normals        :  48
		num tangents       :  0
		num uvs            :  96
		num uvs2           :  0
		num colors         :  0
		num indices        :  60
	processing begun of mesh:  CX_house8Det1
		WARNING: No materials have been assigned: 
		num positions      :  67
		num normals        :  67
		num tangents       :  0
		num uvs            :  134
		num uvs2           :  0
		num colors         :  0
		num indices        :  84
	processing begun of mesh:  CX_step9
		WARNING: No materials have been assigned: 
		num positions      :  29
		num normals        :  29
		num tangents       :  0
		num uvs            :  58
		num uvs2           :  0
		num colors         :  0
		num indices        :  36
	processing begun of mesh:  CX_step10
		WARNING: No materials have been assigned: 
		num positions      :  29
		num normals        :  29
		num tangents       :  0
		num uvs            :  58
		num uvs2           :  0
		num colors         :  0
		num indices        :  36
	processing begun of mesh:  CX_step11
		WARNING: No materials have been assigned: 
		num positions      :  29
		num normals        :  29
		num tangents       :  0
		num uvs            :  58
		num uvs2           :  0
		num colors         :  0
		num indices        :  36
	processing begun of mesh:  CX_house6
		WARNING: No materials have been assigned: 
		num positions      :  309
		num normals        :  309
		num tangents       :  0
		num uvs            :  618
		num uvs2           :  0
		num colors         :  0
		num indices        :  372
	processing begun of mesh:  CX_house6Det1
		WARNING: No materials have been assigned: 
		num positions      :  29
		num normals        :  29
		num tangents       :  0
		num uvs            :  58
		num uvs2           :  0
		num colors         :  0
		num indices        :  36
	processing begun of mesh:  CX_house6Det2
		WARNING: No materials have been assigned: 
		num positions      :  1104
		num normals        :  1104
		num tangents       :  0
		num uvs            :  2208
		num uvs2           :  0
		num colors         :  0
		num indices        :  1746
		WARNING: # of 0 area faces found:  48
	processing begun of mesh:  CX_house14
		WARNING: No materials have been assigned: 
		num positions      :  39
		num normals        :  39
		num tangents       :  0
		num uvs            :  78
		num uvs2           :  0
		num colors         :  0
		num indices        :  48
	processing begun of mesh:  CX_house14Det1
		WARNING: No materials have been assigned: 
		num positions      :  309
		num normals        :  309
		num tangents       :  0
		num uvs            :  618
		num uvs2           :  0
		num colors         :  0
		num indices        :  372
	processing begun of mesh:  CX_step13
		WARNING: No materials have been assigned: 
		num positions      :  29
		num normals        :  29
		num tangents       :  0
		num uvs            :  58
		num uvs2           :  0
		num colors         :  0
		num indices        :  36
	processing begun of mesh:  CX_step15
		WARNING: No materials have been assigned: 
		num positions      :  29
		num normals        :  29
		num tangents       :  0
		num uvs            :  58
		num uvs2           :  0
		num colors         :  0
		num indices        :  36
	processing begun of mesh:  CX_step18
		WARNING: No materials have been assigned: 
		num positions      :  29
		num normals        :  29
		num tangents       :  0
		num uvs            :  58
		num uvs2           :  0
		num colors         :  0
		num indices        :  36
	processing begun of mesh:  CX_step17
		WARNING: No materials have been assigned: 
		num positions      :  29
		num normals        :  29
		num tangents       :  0
		num uvs            :  58
		num uvs2           :  0
		num colors         :  0
		num indices        :  36
	processing begun of mesh:  CX_step19
		WARNING: No materials have been assigned: 
		num positions      :  29
		num normals        :  29
		num tangents       :  0
		num uvs            :  58
		num uvs2           :  0
		num colors         :  0
		num indices        :  36
	processing begun of mesh:  CX_house21
		WARNING: No materials have been assigned: 
		num positions      :  29
		num normals        :  29
		num tangents       :  0
		num uvs            :  58
		num uvs2           :  0
		num colors         :  0
		num indices        :  36
	processing begun of mesh:  CX_house20
		WARNING: No materials have been assigned: 
		num positions      :  29
		num normals        :  29
		num tangents       :  0
		num uvs            :  58
		num uvs2           :  0
		num colors         :  0
		num indices        :  36
	processing begun of mesh:  CX_house16
		WARNING: No materials have been assigned: 
		num positions      :  39
		num normals        :  39
		num tangents       :  0
		num uvs            :  78
		num uvs2           :  0
		num colors         :  0
		num indices        :  48
	processing begun of mesh:  CX_house16Det1
		WARNING: No materials have been assigned: 
		num positions      :  67
		num normals        :  67
		num tangents       :  0
		num uvs            :  134
		num uvs2           :  0
		num colors         :  0
		num indices        :  84
	processing begun of mesh:  CX_step23
		WARNING: No materials have been assigned: 
		num positions      :  30
		num normals        :  30
		num tangents       :  0
		num uvs            :  60
		num uvs2           :  0
		num colors         :  0
		num indices        :  36
	processing begun of mesh:  CX_house25
		WARNING: No materials have been assigned: 
		num positions      :  29
		num normals        :  29
		num tangents       :  0
		num uvs            :  58
		num uvs2           :  0
		num colors         :  0
		num indices        :  36
	processing begun of mesh:  CX_house25Det1
		WARNING: No materials have been assigned: 
		num positions      :  66
		num normals        :  66
		num tangents       :  0
		num uvs            :  132
		num uvs2           :  0
		num colors         :  0
		num indices        :  84
	processing begun of mesh:  CX_house24p1
		WARNING: No materials have been assigned: 
		num positions      :  29
		num normals        :  29
		num tangents       :  0
		num uvs            :  58
		num uvs2           :  0
		num colors         :  0
		num indices        :  36
	processing begun of mesh:  CX_house24p2
		WARNING: No materials have been assigned: 
		num positions      :  29
		num normals        :  29
		num tangents       :  0
		num uvs            :  58
		num uvs2           :  0
		num colors         :  0
		num indices        :  36
	processing begun of mesh:  CX_house24p3
		WARNING: No materials have been assigned: 
		num positions      :  29
		num normals        :  29
		num tangents       :  0
		num uvs            :  58
		num uvs2           :  0
		num colors         :  0
		num indices        :  36
	processing begun of mesh:  CX_house24Det1
		WARNING: No materials have been assigned: 
		num positions      :  29
		num normals        :  29
		num tangents       :  0
		num uvs            :  58
		num uvs2           :  0
		num colors         :  0
		num indices        :  36
	processing begun of mesh:  CX_house24Det2
		WARNING: No materials have been assigned: 
		num positions      :  29
		num normals        :  29
		num tangents       :  0
		num uvs            :  58
		num uvs2           :  0
		num colors         :  0
		num indices        :  36
	processing begun of mesh:  CX_house24Det3
		WARNING: No materials have been assigned: 
		num positions      :  29
		num normals        :  29
		num tangents       :  0
		num uvs            :  58
		num uvs2           :  0
		num colors         :  0
		num indices        :  36
	processing begun of mesh:  CX_house24Det4
		WARNING: No materials have been assigned: 
		num positions      :  29
		num normals        :  29
		num tangents       :  0
		num uvs            :  58
		num uvs2           :  0
		num colors         :  0
		num indices        :  36
	processing begun of mesh:  CX_house24Det5
		WARNING: No materials have been assigned: 
		num positions      :  29
		num normals        :  29
		num tangents       :  0
		num uvs            :  58
		num uvs2           :  0
		num colors         :  0
		num indices        :  36
	processing begun of mesh:  CX_house24Det6
		WARNING: No materials have been assigned: 
		num positions      :  29
		num normals        :  29
		num tangents       :  0
		num uvs            :  58
		num uvs2           :  0
		num colors         :  0
		num indices        :  36
	processing begun of mesh:  CX_house24Det7
		WARNING: No materials have been assigned: 
		num positions      :  29
		num normals        :  29
		num tangents       :  0
		num uvs            :  58
		num uvs2           :  0
		num colors         :  0
		num indices        :  36
	processing begun of mesh:  CX_house24Det8
		WARNING: No materials have been assigned: 
		num positions      :  30
		num normals        :  30
		num tangents       :  0
		num uvs            :  60
		num uvs2           :  0
		num colors         :  0
		num indices        :  36
	processing begun of mesh:  CX_house24Det9
		WARNING: No materials have been assigned: 
		num positions      :  30
		num normals        :  30
		num tangents       :  0
		num uvs            :  60
		num uvs2           :  0
		num colors         :  0
		num indices        :  36
	processing begun of mesh:  CX_house24Det10
		WARNING: No materials have been assigned: 
		num positions      :  31
		num normals        :  31
		num tangents       :  0
		num uvs            :  62
		num uvs2           :  0
		num colors         :  0
		num indices        :  36
	processing begun of mesh:  CX_house24Det11
		WARNING: No materials have been assigned: 
		num positions      :  32
		num normals        :  32
		num tangents       :  0
		num uvs            :  64
		num uvs2           :  0
		num colors         :  0
		num indices        :  36
	processing begun of mesh:  CX_house24Det12
		WARNING: No materials have been assigned: 
		num positions      :  29
		num normals        :  29
		num tangents       :  0
		num uvs            :  58
		num uvs2           :  0
		num colors         :  0
		num indices        :  36
	processing begun of mesh:  CX_house24Det13
		WARNING: No materials have been assigned: 
		num positions      :  29
		num normals        :  29
		num tangents       :  0
		num uvs            :  58
		num uvs2           :  0
		num colors         :  0
		num indices        :  36
	processing begun of mesh:  CX_house24Det14
		WARNING: No materials have been assigned: 
		num positions      :  30
		num normals        :  30
		num tangents       :  0
		num uvs            :  60
		num uvs2           :  0
		num colors         :  0
		num indices        :  36
	processing begun of mesh:  CX_house24Det15
		WARNING: No materials have been assigned: 
		num positions      :  29
		num normals        :  29
		num tangents       :  0
		num uvs            :  58
		num uvs2           :  0
		num colors         :  0
		num indices        :  36
	processing begun of mesh:  CX_house22
		WARNING: No materials have been assigned: 
		num positions      :  29
		num normals        :  29
		num tangents       :  0
		num uvs            :  58
		num uvs2           :  0
		num colors         :  0
		num indices        :  36
	processing begun of mesh:  CX_house22Det1
		WARNING: No materials have been assigned: 
		num positions      :  29
		num normals        :  29
		num tangents       :  0
		num uvs            :  58
		num uvs2           :  0
		num colors         :  0
		num indices        :  36
	processing begun of mesh:  CX_house22Det2
		WARNING: No materials have been assigned: 
		num positions      :  29
		num normals        :  29
		num tangents       :  0
		num uvs            :  58
		num uvs2           :  0
		num colors         :  0
		num indices        :  36
	processing begun of mesh:  CX_house22Det3
		WARNING: No materials have been assigned: 
		num positions      :  29
		num normals        :  29
		num tangents       :  0
		num uvs            :  58
		num uvs2           :  0
		num colors         :  0
		num indices        :  36
	processing begun of mesh:  CX_house22Det4
		WARNING: No materials have been assigned: 
		num positions      :  29
		num normals        :  29
		num tangents       :  0
		num uvs            :  58
		num uvs2           :  0
		num colors         :  0
		num indices        :  36
	processing begun of mesh:  CX_house22Det5
		WARNING: No materials have been assigned: 
		num positions      :  2598
		num normals        :  2598
		num tangents       :  0
		num uvs            :  5196
		num uvs2           :  0
		num colors         :  0
		num indices        :  2880
	processing begun of mesh:  CX_house12p1
		WARNING: No materials have been assigned: 
		num positions      :  29
		num normals        :  29
		num tangents       :  0
		num uvs            :  58
		num uvs2           :  0
		num colors         :  0
		num indices        :  36
	processing begun of mesh:  CX_house12p2
		WARNING: No materials have been assigned: 
		num positions      :  29
		num normals        :  29
		num tangents       :  0
		num uvs            :  58
		num uvs2           :  0
		num colors         :  0
		num indices        :  36
	processing begun of mesh:  CX_house12p3
		WARNING: No materials have been assigned: 
		num positions      :  29
		num normals        :  29
		num tangents       :  0
		num uvs            :  58
		num uvs2           :  0
		num colors         :  0
		num indices        :  36
	processing begun of mesh:  CX_house12Det1
		WARNING: No materials have been assigned: 
		num positions      :  29
		num normals        :  29
		num tangents       :  0
		num uvs            :  58
		num uvs2           :  0
		num colors         :  0
		num indices        :  36
	processing begun of mesh:  CX_house12Det2
		WARNING: No materials have been assigned: 
		num positions      :  68
		num normals        :  68
		num tangents       :  0
		num uvs            :  136
		num uvs2           :  0
		num colors         :  0
		num indices        :  84
	processing begun of mesh:  CX_house12Det3
		WARNING: No materials have been assigned: 
		num positions      :  29
		num normals        :  29
		num tangents       :  0
		num uvs            :  58
		num uvs2           :  0
		num colors         :  0
		num indices        :  36
	processing begun of mesh:  CX_house12Det4
		WARNING: No materials have been assigned: 
		num positions      :  29
		num normals        :  29
		num tangents       :  0
		num uvs            :  58
		num uvs2           :  0
		num colors         :  0
		num indices        :  36
	processing begun of mesh:  CX_house12Det5
		WARNING: No materials have been assigned: 
		num positions      :  29
		num normals        :  29
		num tangents       :  0
		num uvs            :  58
		num uvs2           :  0
		num colors         :  0
		num indices        :  36
	processing begun of mesh:  CX_house12Det6
		WARNING: No materials have been assigned: 
		num positions      :  29
		num normals        :  29
		num tangents       :  0
		num uvs            :  58
		num uvs2           :  0
		num colors         :  0
		num indices        :  36
	processing begun of mesh:  CX_house12Det7
		WARNING: No materials have been assigned: 
		num positions      :  29
		num normals        :  29
		num tangents       :  0
		num uvs            :  58
		num uvs2           :  0
		num colors         :  0
		num indices        :  36
	processing begun of mesh:  CX_house12Det8
		WARNING: No materials have been assigned: 
		num positions      :  29
		num normals        :  29
		num tangents       :  0
		num uvs            :  58
		num uvs2           :  0
		num colors         :  0
		num indices        :  36
	processing begun of mesh:  CX_house12Det9
		WARNING: No materials have been assigned: 
		num positions      :  29
		num normals        :  29
		num tangents       :  0
		num uvs            :  58
		num uvs2           :  0
		num colors         :  0
		num indices        :  36
	processing begun of mesh:  CX_house12Det10
		WARNING: No materials have been assigned: 
		num positions      :  29
		num normals        :  29
		num tangents       :  0
		num uvs            :  58
		num uvs2           :  0
		num colors         :  0
		num indices        :  36
	processing begun of mesh:  CX_tube7p1
		WARNING: No materials have been assigned: 
		num positions      :  29
		num normals        :  29
		num tangents       :  0
		num uvs            :  58
		num uvs2           :  0
		num colors         :  0
		num indices        :  36
	processing begun of mesh:  CX_tube7p2
		WARNING: No materials have been assigned: 
		num positions      :  29
		num normals        :  29
		num tangents       :  0
		num uvs            :  58
		num uvs2           :  0
		num colors         :  0
		num indices        :  36
	processing begun of mesh:  CX_tube7p3
		WARNING: No materials have been assigned: 
		num positions      :  29
		num normals        :  29
		num tangents       :  0
		num uvs            :  58
		num uvs2           :  0
		num colors         :  0
		num indices        :  36
	processing begun of mesh:  CX_tube7p4
		WARNING: No materials have been assigned: 
		num positions      :  29
		num normals        :  29
		num tangents       :  0
		num uvs            :  58
		num uvs2           :  0
		num colors         :  0
		num indices        :  36
	processing begun of mesh:  CX_tube5p1
		WARNING: No materials have been assigned: 
		num positions      :  29
		num normals        :  29
		num tangents       :  0
		num uvs            :  58
		num uvs2           :  0
		num colors         :  0
		num indices        :  36
	processing begun of mesh:  CX_tube5p2
		WARNING: No materials have been assigned: 
		num positions      :  29
		num normals        :  29
		num tangents       :  0
		num uvs            :  58
		num uvs2           :  0
		num colors         :  0
		num indices        :  36
	processing begun of mesh:  CX_tube5p3
		WARNING: No materials have been assigned: 
		num positions      :  29
		num normals        :  29
		num tangents       :  0
		num uvs            :  58
		num uvs2           :  0
		num colors         :  0
		num indices        :  36
	processing begun of mesh:  CX_tube5p4
		WARNING: No materials have been assigned: 
		num positions      :  29
		num normals        :  29
		num tangents       :  0
		num uvs            :  58
		num uvs2           :  0
		num colors         :  0
		num indices        :  36
	processing begun of mesh:  CX_house4p1
		WARNING: No materials have been assigned: 
		num positions      :  842
		num normals        :  842
		num tangents       :  0
		num uvs            :  1684
		num uvs2           :  0
		num colors         :  0
		num indices        :  1020
	processing begun of mesh:  CX_house4p2
		WARNING: No materials have been assigned: 
		num positions      :  797
		num normals        :  797
		num tangents       :  0
		num uvs            :  1594
		num uvs2           :  0
		num colors         :  0
		num indices        :  990
	processing begun of mesh:  CX_house4p3
		WARNING: No materials have been assigned: 
		num positions      :  32
		num normals        :  32
		num tangents       :  0
		num uvs            :  64
		num uvs2           :  0
		num colors         :  0
		num indices        :  90
	processing begun of mesh:  CX_house4Stairs
		WARNING: No materials have been assigned: 
		num positions      :  570
		num normals        :  570
		num tangents       :  0
		num uvs            :  1140
		num uvs2           :  0
		num colors         :  0
		num indices        :  696
	processing begun of mesh:  CX_house4StairsDet1
		WARNING: No materials have been assigned: 
		num positions      :  2592
		num normals        :  2592
		num tangents       :  0
		num uvs            :  5184
		num uvs2           :  0
		num colors         :  0
		num indices        :  2880
	processing begun of mesh:  CX_cinta1
		WARNING: No materials have been assigned: 
		num positions      :  29
		num normals        :  29
		num tangents       :  0
		num uvs            :  58
		num uvs2           :  0
		num colors         :  0
		num indices        :  36
	processing begun of mesh:  CX_cinta2
		WARNING: No materials have been assigned: 
		num positions      :  29
		num normals        :  29
		num tangents       :  0
		num uvs            :  58
		num uvs2           :  0
		num colors         :  0
		num indices        :  36
	processing begun of mesh:  CX_cinta3
		WARNING: No materials have been assigned: 
		num positions      :  29
		num normals        :  29
		num tangents       :  0
		num uvs            :  58
		num uvs2           :  0
		num colors         :  0
		num indices        :  36
	processing begun of mesh:  CX_cinta4
		WARNING: No materials have been assigned: 
		num positions      :  29
		num normals        :  29
		num tangents       :  0
		num uvs            :  58
		num uvs2           :  0
		num colors         :  0
		num indices        :  36
	processing begun of mesh:  CX_house10
		WARNING: No materials have been assigned: 
		num positions      :  103
		num normals        :  103
		num tangents       :  0
		num uvs            :  206
		num uvs2           :  0
		num colors         :  0
		num indices        :  132
	processing begun of mesh:  CX_Ringhiera
		WARNING: No materials have been assigned: 
		num positions      :  29
		num normals        :  29
		num tangents       :  0
		num uvs            :  58
		num uvs2           :  0
		num colors         :  0
		num indices        :  36
	processing begun of mesh:  CX_house10_det1
		WARNING: No materials have been assigned: 
		num positions      :  47
		num normals        :  47
		num tangents       :  0
		num uvs            :  94
		num uvs2           :  0
		num colors         :  0
		num indices        :  60
	processing begun of mesh:  CX_house10_det2
		WARNING: No materials have been assigned: 
		num positions      :  29
		num normals        :  29
		num tangents       :  0
		num uvs            :  58
		num uvs2           :  0
		num colors         :  0
		num indices        :  36
	processing begun of mesh:  CX_house10_det3
		WARNING: No materials have been assigned: 
		num positions      :  29
		num normals        :  29
		num tangents       :  0
		num uvs            :  58
		num uvs2           :  0
		num colors         :  0
		num indices        :  36
	processing begun of mesh:  CX_house10_det4
		WARNING: No materials have been assigned: 
		num positions      :  29
		num normals        :  29
		num tangents       :  0
		num uvs            :  58
		num uvs2           :  0
		num colors         :  0
		num indices        :  36
	processing begun of mesh:  CX_tent
		WARNING: No materials have been assigned: 
		num positions      :  29
		num normals        :  29
		num tangents       :  0
		num uvs            :  58
		num uvs2           :  0
		num colors         :  0
		num indices        :  36
	processing begun of mesh:  CX_tent.001
		WARNING: No materials have been assigned: 
		num positions      :  29
		num normals        :  29
		num tangents       :  0
		num uvs            :  58
		num uvs2           :  0
		num colors         :  0
		num indices        :  36
	processing begun of mesh:  CX_tent.002
		WARNING: No materials have been assigned: 
		num positions      :  29
		num normals        :  29
		num tangents       :  0
		num uvs            :  58
		num uvs2           :  0
		num colors         :  0
		num indices        :  36
	processing begun of mesh:  CX_tent.003
		WARNING: No materials have been assigned: 
		num positions      :  29
		num normals        :  29
		num tangents       :  0
		num uvs            :  58
		num uvs2           :  0
		num colors         :  0
		num indices        :  36
	processing begun of mesh:  CX_tent.004
		WARNING: No materials have been assigned: 
		num positions      :  29
		num normals        :  29
		num tangents       :  0
		num uvs            :  58
		num uvs2           :  0
		num colors         :  0
		num indices        :  36
	processing begun of mesh:  CX_tent.005
		WARNING: No materials have been assigned: 
		num positions      :  29
		num normals        :  29
		num tangents       :  0
		num uvs            :  58
		num uvs2           :  0
		num colors         :  0
		num indices        :  36
	processing begun of mesh:  CX_tent.006
		WARNING: No materials have been assigned: 
		num positions      :  29
		num normals        :  29
		num tangents       :  0
		num uvs            :  58
		num uvs2           :  0
		num colors         :  0
		num indices        :  36
	processing begun of mesh:  OBJ_magicCarpetDetails
		WARNING: No materials have been assigned: 
		num positions      :  11338
		num normals        :  11338
		num tangents       :  0
		num uvs            :  22676
		num uvs2           :  0
		num colors         :  0
		num indices        :  12264
	processing begun of mesh:  OBJ_magicCarpet
		WARNING: No materials have been assigned: 
		num positions      :  2835
		num normals        :  2835
		num tangents       :  0
		num uvs            :  5670
		num uvs2           :  0
		num colors         :  0
		num indices        :  2904
	processing begun of mesh:  Head
		WARNING: No materials have been assigned: 
		Custom split normals with tangents being used
		num positions      :  1058
		num normals        :  1058
		num tangents       :  1058
		num uvs            :  2116
		num uvs2           :  0
		num colors         :  0
		num indices        :  2502
	processing begun of mesh:  Left_Hand
		processing begun of material:  Skin
		Custom split normals with tangents being used
		num positions      :  393
		num normals        :  393
		num tangents       :  393
		num uvs            :  786
		num uvs2           :  0
		num colors         :  0
		num indices        :  1104
	processing begun of mesh:  Left_Lower_Arm
		processing begun of material:  Skin
		registered as also a user of material:  Skin
		Custom split normals with tangents being used
		num positions      :  135
		num normals        :  135
		num tangents       :  135
		num uvs            :  270
		num uvs2           :  0
		num colors         :  0
		num indices        :  486
		WARNING: # of 0 area faces found:  16
	processing begun of mesh:  Left_Lower_leg
		processing begun of material:  Skin
		processing begun of material:  Fabric
		processing begun of multimaterial:  L2.Multimaterial#0
		Custom split normals with tangents being used
		num positions      :  122
		num normals        :  122
		num tangents       :  122
		num uvs            :  244
		num uvs2           :  0
		num colors         :  0
		num indices        :  660
	processing begun of mesh:  Left_Shoe
		processing begun of material:  Skin
		registered as also a user of material:  Skin
		Custom split normals with tangents being used
		num positions      :  99
		num normals        :  99
		num tangents       :  99
		num uvs            :  198
		num uvs2           :  0
		num colors         :  0
		num indices        :  354
	processing begun of mesh:  Left_Upper_Arm
		processing begun of material:  Skin
		registered as also a user of material:  Skin
		Custom split normals with tangents being used
		num positions      :  106
		num normals        :  106
		num tangents       :  106
		num uvs            :  212
		num uvs2           :  0
		num colors         :  0
		num indices        :  330
	processing begun of mesh:  Left_Upper_Leg
		processing begun of material:  Fabric
		registered as also a user of material:  Fabric
		Custom split normals with tangents being used
		num positions      :  327
		num normals        :  327
		num tangents       :  327
		num uvs            :  654
		num uvs2           :  0
		num colors         :  0
		num indices        :  660
	processing begun of mesh:  Lower_body
		processing begun of material:  Red
		Custom split normals with tangents being used
		num positions      :  187
		num normals        :  187
		num tangents       :  187
		num uvs            :  374
		num uvs2           :  0
		num colors         :  0
		num indices        :  678
	processing begun of mesh:  Neck
		processing begun of material:  Skin
		registered as also a user of material:  Skin
		Custom split normals with tangents being used
		num positions      :  114
		num normals        :  114
		num tangents       :  114
		num uvs            :  228
		num uvs2           :  0
		num colors         :  0
		num indices        :  336
	processing begun of mesh:  OBJ_Controller
		WARNING: No materials have been assigned: 
		num positions      :  1286
		num normals        :  1286
		num tangents       :  0
		num uvs            :  2572
		num uvs2           :  0
		num colors         :  0
		num indices        :  1440
	processing begun of mesh:  Right_Hand
		processing begun of material:  Skin
		registered as also a user of material:  Skin
		Custom split normals with tangents being used
		num positions      :  393
		num normals        :  393
		num tangents       :  393
		num uvs            :  786
		num uvs2           :  0
		num colors         :  0
		num indices        :  1104
	processing begun of mesh:  Right_Lower_Arm
		processing begun of material:  Skin
		registered as also a user of material:  Skin
		Custom split normals with tangents being used
		num positions      :  135
		num normals        :  135
		num tangents       :  135
		num uvs            :  270
		num uvs2           :  0
		num colors         :  0
		num indices        :  486
		WARNING: # of 0 area faces found:  16
	processing begun of mesh:  Right_Lower_Leg
		processing begun of material:  Skin
		processing begun of material:  Fabric
		registered as also a user of material:  Fabric
		processing begun of multimaterial:  L2.Multimaterial#1
		Custom split normals with tangents being used
		num positions      :  122
		num normals        :  122
		num tangents       :  122
		num uvs            :  244
		num uvs2           :  0
		num colors         :  0
		num indices        :  660
	processing begun of mesh:  Right_Shoe
		processing begun of material:  Skin
		registered as also a user of material:  Skin
		Custom split normals with tangents being used
		num positions      :  99
		num normals        :  99
		num tangents       :  99
		num uvs            :  198
		num uvs2           :  0
		num colors         :  0
		num indices        :  354
	processing begun of mesh:  Right_Upper_Arm
		processing begun of material:  Skin
		registered as also a user of material:  Skin
		Custom split normals with tangents being used
		num positions      :  110
		num normals        :  110
		num tangents       :  110
		num uvs            :  220
		num uvs2           :  0
		num colors         :  0
		num indices        :  330
	processing begun of mesh:  Right_Upper_Leg
		processing begun of material:  Fabric
		registered as also a user of material:  Fabric
		Custom split normals with tangents being used
		num positions      :  161
		num normals        :  161
		num tangents       :  161
		num uvs            :  322
		num uvs2           :  0
		num colors         :  0
		num indices        :  660
	processing begun of mesh:  Root
		processing begun of material:  Fabric
		registered as also a user of material:  Fabric
		Custom split normals with tangents being used
		num positions      :  220
		num normals        :  220
		num tangents       :  220
		num uvs            :  440
		num uvs2           :  0
		num colors         :  0
		num indices        :  438
	processing begun of mesh:  Upper_Body
		processing begun of material:  Purple
		processing begun of material:  Skin
		registered as also a user of material:  Skin
		processing begun of multimaterial:  L2.Multimaterial#2
		Custom split normals with tangents being used
		num positions      :  640
		num normals        :  640
		num tangents       :  640
		num uvs            :  1280
		num uvs2           :  0
		num colors         :  0
		num indices        :  1482
	processing begun of mesh:  TB_carpet
		WARNING: No materials have been assigned: 
		num positions      :  29
		num normals        :  29
		num tangents       :  0
		num uvs            :  58
		num uvs2           :  0
		num colors         :  0
		num indices        :  36
	processing begun of mesh:  CX_final
		WARNING: No materials have been assigned: 
		num positions      :  29
		num normals        :  29
		num tangents       :  0
		num uvs            :  58
		num uvs2           :  0
		num colors         :  0
		num indices        :  36
	processing begun of mesh:  CX_final_barrier
		WARNING: No materials have been assigned: 
		num positions      :  29
		num normals        :  29
		num tangents       :  0
		num uvs            :  58
		num uvs2           :  0
		num colors         :  0
		num indices        :  36
	processing begun of mesh:  CX_barrel
		WARNING: No materials have been assigned: 
		num positions      :  29
		num normals        :  29
		num tangents       :  0
		num uvs            :  58
		num uvs2           :  0
		num colors         :  0
		num indices        :  36
	processing begun of light (DIRECTIONAL):  Sun
	processing begun of light (DIRECTIONAL):  Sun.001
========= Writing of JSON file started =========
	writing mesh:  OBJ_street
	writing mesh:  OBJ_wall4
	writing mesh:  OBJ_carpetFloor
	writing mesh:  OBJ_detailsHouse3
	writing mesh:  OBJ_wall2
	writing mesh:  OBJ_glass
	writing mesh:  OBJ_wall10
	writing mesh:  OBJ_houseDet1
	writing mesh:  OBJ_houseDet2
	writing mesh:  OBJ_wall6
	writing mesh:  OBJ_carpetOrange
	writing mesh:  OBJ_carpetRed
	writing mesh:  OBJ_wall11
	writing mesh:  OBJ_houseDet
	writing mesh:  OBJ_wall5
	writing mesh:  OBJ_carpet
	writing mesh:  OBJ_wood
	writing mesh:  OBJ_wall12
	writing mesh:  OBJ_juta
	writing mesh:  OBJ_wall9
	writing mesh:  OBJ_wall7
	writing mesh:  OBJ_tube1
	writing mesh:  OBJ_arabDetails
	writing mesh:  OBJ_brick
	writing mesh:  OBJ_tube2
	writing mesh:  OBJ_wall
	writing mesh:  OBJ_wood5
	writing mesh:  OBJ_wall3
	writing mesh:  OBJ_carpetPersian
	writing mesh:  OBJ_wall8
	writing mesh:  OBJ_brick2
	writing mesh:  OBJ_gold
	writing mesh:  OBJ_wood6
	writing mesh:  OBJ_woodPurple
	writing mesh:  OBJ_floor
	writing mesh:  OBJ_lampBlack
	writing mesh:  OBJ_rustyWhite
	writing mesh:  OBJ_rusty
	writing mesh:  OBJ_cane
	writing mesh:  OBJ_palm
	writing mesh:  OBJ_bark
	writing mesh:  OBJ_woodBarrell
	writing mesh:  OBJ_iron
	writing mesh:  OBJ_rivets
	writing mesh:  OBJ_wood2
	writing mesh:  OBJ_wood3
	writing mesh:  OBJ_wood4
	writing mesh:  OBJ_tent4
	writing mesh:  OBJ_tent2
	writing mesh:  OBJ_tent3
	writing mesh:  OBJ_tent1
	writing mesh:  OBJ_cinta
	writing mesh:  CX_Floor
	writing mesh:  CX_house1
	writing mesh:  CX_house1Det1
	writing mesh:  CX_house1Det2
	writing mesh:  CX_house1Det3
	writing mesh:  CX_house1Det4
	writing mesh:  CX_house2
	writing mesh:  CX_house2Det1
	writing mesh:  CX_house2Det2
	writing mesh:  CX_house3
	writing mesh:  CX_house8
	writing mesh:  CX_house8Det1
	writing mesh:  CX_step9
	writing mesh:  CX_step10
	writing mesh:  CX_step11
	writing mesh:  CX_house6
	writing mesh:  CX_house6Det1
	writing mesh:  CX_house6Det2
	writing mesh:  CX_house14
	writing mesh:  CX_house14Det1
	writing mesh:  CX_step13
	writing mesh:  CX_step15
	writing mesh:  CX_step18
	writing mesh:  CX_step17
	writing mesh:  CX_step19
	writing mesh:  CX_house21
	writing mesh:  CX_house20
	writing mesh:  CX_house16
	writing mesh:  CX_house16Det1
	writing mesh:  CX_step23
	writing mesh:  CX_house25
	writing mesh:  CX_house25Det1
	writing mesh:  CX_house24p1
	writing mesh:  CX_house24p2
	writing mesh:  CX_house24p3
	writing mesh:  CX_house24Det1
	writing mesh:  CX_house24Det2
	writing mesh:  CX_house24Det3
	writing mesh:  CX_house24Det4
	writing mesh:  CX_house24Det5
	writing mesh:  CX_house24Det6
	writing mesh:  CX_house24Det7
	writing mesh:  CX_house24Det8
	writing mesh:  CX_house24Det9
	writing mesh:  CX_house24Det10
	writing mesh:  CX_house24Det11
	writing mesh:  CX_house24Det12
	writing mesh:  CX_house24Det13
	writing mesh:  CX_house24Det14
	writing mesh:  CX_house24Det15
	writing mesh:  CX_house22
	writing mesh:  CX_house22Det1
	writing mesh:  CX_house22Det2
	writing mesh:  CX_house22Det3
	writing mesh:  CX_house22Det4
	writing mesh:  CX_house22Det5
	writing mesh:  CX_house12p1
	writing mesh:  CX_house12p2
	writing mesh:  CX_house12p3
	writing mesh:  CX_house12Det1
	writing mesh:  CX_house12Det2
	writing mesh:  CX_house12Det3
	writing mesh:  CX_house12Det4
	writing mesh:  CX_house12Det5
	writing mesh:  CX_house12Det6
	writing mesh:  CX_house12Det7
	writing mesh:  CX_house12Det8
	writing mesh:  CX_house12Det9
	writing mesh:  CX_house12Det10
	writing mesh:  CX_tube7p1
	writing mesh:  CX_tube7p2
	writing mesh:  CX_tube7p3
	writing mesh:  CX_tube7p4
	writing mesh:  CX_tube5p1
	writing mesh:  CX_tube5p2
	writing mesh:  CX_tube5p3
	writing mesh:  CX_tube5p4
	writing mesh:  CX_house4p1
	writing mesh:  CX_house4p2
	writing mesh:  CX_house4p3
	writing mesh:  CX_house4Stairs
	writing mesh:  CX_house4StairsDet1
	writing mesh:  CX_cinta1
	writing mesh:  CX_cinta2
	writing mesh:  CX_cinta3
	writing mesh:  CX_cinta4
	writing mesh:  CX_house10
	writing mesh:  CX_Ringhiera
	writing mesh:  CX_house10_det1
	writing mesh:  CX_house10_det2
	writing mesh:  CX_house10_det3
	writing mesh:  CX_house10_det4
	writing mesh:  CX_tent
	writing mesh:  CX_tent.001
	writing mesh:  CX_tent.002
	writing mesh:  CX_tent.003
	writing mesh:  CX_tent.004
	writing mesh:  CX_tent.005
	writing mesh:  CX_tent.006
	writing mesh:  OBJ_magicCarpetDetails
	writing mesh:  OBJ_magicCarpet
	writing mesh:  Head
	writing mesh:  Left_Hand
	writing mesh:  Left_Lower_Arm
	writing mesh:  Left_Lower_leg
	writing mesh:  Left_Shoe
	writing mesh:  Left_Upper_Arm
	writing mesh:  Left_Upper_Leg
	writing mesh:  Lower_body
	writing mesh:  Neck
	writing mesh:  OBJ_Controller
	writing mesh:  Right_Hand
	writing mesh:  Right_Lower_Arm
	writing mesh:  Right_Lower_Leg
	writing mesh:  Right_Shoe
	writing mesh:  Right_Upper_Arm
	writing mesh:  Right_Upper_Leg
	writing mesh:  Root
	writing mesh:  Upper_Body
	writing mesh:  TB_carpet
	writing mesh:  CX_final
	writing mesh:  CX_final_barrier
	writing mesh:  CX_barrel
========= Writing of JSON file completed =========
========= end of processing =========
elapsed time:  0 min, 59.6767 secs
