Exporter version: 6.2.0, Blender version: 2.80 (sub 75)
========= Conversion from Blender to Babylon.js =========
	Scene settings used :
		inline textures     :  false
		Material Type       :  PBR
		Positions Precision :  4
		Normals Precision   :  3
		UVs Precision       :  3
		Vert Color Precision:  3
		Mat Weight Precision:  2
		texture directory   :  F:\Universita\3ANNO\2Sem\Lab-Grafica\wamp64\www\HW3\L1\
	Python World class constructor completed
	WARNING: No active camera has been assigned, or is not in a currently selected Blender layer
	processing begun of mesh:  OBJ_Controller
		WARNING: No materials have been assigned: 
		num positions      :  1286
		num normals        :  1286
		num tangents       :  0
		num uvs            :  2572
		num uvs2           :  0
		num colors         :  0
		num indices        :  1440
	processing begun of mesh:  CX_1
		WARNING: No materials have been assigned: 
		num positions      :  150
		num normals        :  150
		num tangents       :  0
		num uvs            :  300
		num uvs2           :  0
		num colors         :  0
		num indices        :  288
	processing begun of mesh:  CX_2
		WARNING: No materials have been assigned: 
		num positions      :  31
		num normals        :  31
		num tangents       :  0
		num uvs            :  62
		num uvs2           :  0
		num colors         :  0
		num indices        :  36
	processing begun of mesh:  CX_3
		WARNING: No materials have been assigned: 
		num positions      :  29
		num normals        :  29
		num tangents       :  0
		num uvs            :  58
		num uvs2           :  0
		num colors         :  0
		num indices        :  36
	processing begun of mesh:  CX_4
		WARNING: No materials have been assigned: 
		num positions      :  29
		num normals        :  29
		num tangents       :  0
		num uvs            :  58
		num uvs2           :  0
		num colors         :  0
		num indices        :  36
	processing begun of mesh:  CX_5
		WARNING: No materials have been assigned: 
		num positions      :  29
		num normals        :  29
		num tangents       :  0
		num uvs            :  58
		num uvs2           :  0
		num colors         :  0
		num indices        :  36
	processing begun of mesh:  CX_6
		WARNING: No materials have been assigned: 
		num positions      :  29
		num normals        :  29
		num tangents       :  0
		num uvs            :  58
		num uvs2           :  0
		num colors         :  0
		num indices        :  36
	processing begun of mesh:  CX_7
		WARNING: No materials have been assigned: 
		num positions      :  29
		num normals        :  29
		num tangents       :  0
		num uvs            :  58
		num uvs2           :  0
		num colors         :  0
		num indices        :  36
	processing begun of mesh:  CX_8
		WARNING: No materials have been assigned: 
		num positions      :  29
		num normals        :  29
		num tangents       :  0
		num uvs            :  58
		num uvs2           :  0
		num colors         :  0
		num indices        :  36
	processing begun of mesh:  CX_9
		WARNING: No materials have been assigned: 
		num positions      :  29
		num normals        :  29
		num tangents       :  0
		num uvs            :  58
		num uvs2           :  0
		num colors         :  0
		num indices        :  36
	processing begun of mesh:  CX_10
		WARNING: No materials have been assigned: 
		num positions      :  107
		num normals        :  107
		num tangents       :  0
		num uvs            :  214
		num uvs2           :  0
		num colors         :  0
		num indices        :  168
	processing begun of mesh:  CX_11
		WARNING: No materials have been assigned: 
		num positions      :  93
		num normals        :  93
		num tangents       :  0
		num uvs            :  186
		num uvs2           :  0
		num colors         :  0
		num indices        :  108
	processing begun of mesh:  CX_12
		WARNING: No materials have been assigned: 
		num positions      :  103
		num normals        :  103
		num tangents       :  0
		num uvs            :  206
		num uvs2           :  0
		num colors         :  0
		num indices        :  168
	processing begun of mesh:  CX_Floor
		WARNING: No materials have been assigned: 
		num positions      :  29
		num normals        :  29
		num tangents       :  0
		num uvs            :  58
		num uvs2           :  0
		num colors         :  0
		num indices        :  36
	processing begun of mesh:  Head
		WARNING: No materials have been assigned: 
		Custom split normals with tangents being used
		num positions      :  1058
		num normals        :  1058
		num tangents       :  1058
		num uvs            :  2116
		num uvs2           :  0
		num colors         :  0
		num indices        :  2502
	processing begun of mesh:  Left_Hand
		processing begun of material:  Skin
		Custom split normals with tangents being used
		num positions      :  393
		num normals        :  393
		num tangents       :  393
		num uvs            :  786
		num uvs2           :  0
		num colors         :  0
		num indices        :  1104
	processing begun of mesh:  Left_Lower_Arm
		processing begun of material:  Skin
		registered as also a user of material:  Skin
		Custom split normals with tangents being used
		num positions      :  135
		num normals        :  135
		num tangents       :  135
		num uvs            :  270
		num uvs2           :  0
		num colors         :  0
		num indices        :  486
		WARNING: # of 0 area faces found:  16
	processing begun of mesh:  Left_Lower_leg
		processing begun of material:  Skin
		processing begun of material:  Fabric
		processing begun of multimaterial:  L1.Multimaterial#0
		Custom split normals with tangents being used
		num positions      :  122
		num normals        :  122
		num tangents       :  122
		num uvs            :  244
		num uvs2           :  0
		num colors         :  0
		num indices        :  660
	processing begun of mesh:  Left_Shoe
		processing begun of material:  Skin
		registered as also a user of material:  Skin
		Custom split normals with tangents being used
		num positions      :  99
		num normals        :  99
		num tangents       :  99
		num uvs            :  198
		num uvs2           :  0
		num colors         :  0
		num indices        :  354
	processing begun of mesh:  Left_Upper_Arm
		processing begun of material:  Skin
		registered as also a user of material:  Skin
		Custom split normals with tangents being used
		num positions      :  106
		num normals        :  106
		num tangents       :  106
		num uvs            :  212
		num uvs2           :  0
		num colors         :  0
		num indices        :  330
	processing begun of mesh:  Left_Upper_Leg
		processing begun of material:  Fabric
		registered as also a user of material:  Fabric
		Custom split normals with tangents being used
		num positions      :  327
		num normals        :  327
		num tangents       :  327
		num uvs            :  654
		num uvs2           :  0
		num colors         :  0
		num indices        :  660
	processing begun of mesh:  Lower_body
		processing begun of material:  Red
		Custom split normals with tangents being used
		num positions      :  187
		num normals        :  187
		num tangents       :  187
		num uvs            :  374
		num uvs2           :  0
		num colors         :  0
		num indices        :  678
	processing begun of mesh:  Neck
		processing begun of material:  Skin
		registered as also a user of material:  Skin
		Custom split normals with tangents being used
		num positions      :  114
		num normals        :  114
		num tangents       :  114
		num uvs            :  228
		num uvs2           :  0
		num colors         :  0
		num indices        :  336
	processing begun of mesh:  Right_Hand
		processing begun of material:  Skin
		registered as also a user of material:  Skin
		Custom split normals with tangents being used
		num positions      :  393
		num normals        :  393
		num tangents       :  393
		num uvs            :  786
		num uvs2           :  0
		num colors         :  0
		num indices        :  1104
	processing begun of mesh:  Right_Lower_Arm
		processing begun of material:  Skin
		registered as also a user of material:  Skin
		Custom split normals with tangents being used
		num positions      :  135
		num normals        :  135
		num tangents       :  135
		num uvs            :  270
		num uvs2           :  0
		num colors         :  0
		num indices        :  486
		WARNING: # of 0 area faces found:  16
	processing begun of mesh:  Right_Lower_Leg
		processing begun of material:  Skin
		processing begun of material:  Fabric
		registered as also a user of material:  Fabric
		processing begun of multimaterial:  L1.Multimaterial#1
		Custom split normals with tangents being used
		num positions      :  122
		num normals        :  122
		num tangents       :  122
		num uvs            :  244
		num uvs2           :  0
		num colors         :  0
		num indices        :  660
	processing begun of mesh:  Right_Shoe
		processing begun of material:  Skin
		registered as also a user of material:  Skin
		Custom split normals with tangents being used
		num positions      :  99
		num normals        :  99
		num tangents       :  99
		num uvs            :  198
		num uvs2           :  0
		num colors         :  0
		num indices        :  354
	processing begun of mesh:  Right_Upper_Arm
		processing begun of material:  Skin
		registered as also a user of material:  Skin
		Custom split normals with tangents being used
		num positions      :  110
		num normals        :  110
		num tangents       :  110
		num uvs            :  220
		num uvs2           :  0
		num colors         :  0
		num indices        :  330
	processing begun of mesh:  Right_Upper_Leg
		processing begun of material:  Fabric
		registered as also a user of material:  Fabric
		Custom split normals with tangents being used
		num positions      :  161
		num normals        :  161
		num tangents       :  161
		num uvs            :  322
		num uvs2           :  0
		num colors         :  0
		num indices        :  660
	processing begun of mesh:  Root
		processing begun of material:  Fabric
		registered as also a user of material:  Fabric
		Custom split normals with tangents being used
		num positions      :  220
		num normals        :  220
		num tangents       :  220
		num uvs            :  440
		num uvs2           :  0
		num colors         :  0
		num indices        :  438
	processing begun of mesh:  Upper_Body
		processing begun of material:  Purple
		processing begun of material:  Skin
		registered as also a user of material:  Skin
		processing begun of multimaterial:  L1.Multimaterial#2
		Custom split normals with tangents being used
		num positions      :  640
		num normals        :  640
		num tangents       :  640
		num uvs            :  1280
		num uvs2           :  0
		num colors         :  0
		num indices        :  1482
	processing begun of mesh:  CX_13
		WARNING: No materials have been assigned: 
		num positions      :  111
		num normals        :  111
		num tangents       :  0
		num uvs            :  222
		num uvs2           :  0
		num colors         :  0
		num indices        :  180
	processing begun of mesh:  CX_14
		WARNING: No materials have been assigned: 
		num positions      :  114
		num normals        :  114
		num tangents       :  0
		num uvs            :  228
		num uvs2           :  0
		num colors         :  0
		num indices        :  180
	processing begun of mesh:  CX_15
		WARNING: No materials have been assigned: 
		num positions      :  115
		num normals        :  115
		num tangents       :  0
		num uvs            :  230
		num uvs2           :  0
		num colors         :  0
		num indices        :  180
	processing begun of mesh:  CX_16
		WARNING: No materials have been assigned: 
		num positions      :  113
		num normals        :  113
		num tangents       :  0
		num uvs            :  226
		num uvs2           :  0
		num colors         :  0
		num indices        :  180
	processing begun of mesh:  CX_17
		WARNING: No materials have been assigned: 
		num positions      :  112
		num normals        :  112
		num tangents       :  0
		num uvs            :  224
		num uvs2           :  0
		num colors         :  0
		num indices        :  180
	processing begun of mesh:  CX_18
		WARNING: No materials have been assigned: 
		num positions      :  115
		num normals        :  115
		num tangents       :  0
		num uvs            :  230
		num uvs2           :  0
		num colors         :  0
		num indices        :  180
	processing begun of mesh:  CX_19
		WARNING: No materials have been assigned: 
		num positions      :  116
		num normals        :  116
		num tangents       :  0
		num uvs            :  232
		num uvs2           :  0
		num colors         :  0
		num indices        :  180
	processing begun of mesh:  CX_20
		WARNING: No materials have been assigned: 
		num positions      :  29
		num normals        :  29
		num tangents       :  0
		num uvs            :  58
		num uvs2           :  0
		num colors         :  0
		num indices        :  36
	processing begun of mesh:  CX_21
		WARNING: No materials have been assigned: 
		num positions      :  29
		num normals        :  29
		num tangents       :  0
		num uvs            :  58
		num uvs2           :  0
		num colors         :  0
		num indices        :  36
	processing begun of mesh:  CX_22
		WARNING: No materials have been assigned: 
		num positions      :  29
		num normals        :  29
		num tangents       :  0
		num uvs            :  58
		num uvs2           :  0
		num colors         :  0
		num indices        :  36
	processing begun of mesh:  CX_23
		WARNING: No materials have been assigned: 
		num positions      :  29
		num normals        :  29
		num tangents       :  0
		num uvs            :  58
		num uvs2           :  0
		num colors         :  0
		num indices        :  36
	processing begun of mesh:  CX_24
		WARNING: No materials have been assigned: 
		num positions      :  138
		num normals        :  138
		num tangents       :  0
		num uvs            :  276
		num uvs2           :  0
		num colors         :  0
		num indices        :  180
	processing begun of mesh:  CX_25
		WARNING: No materials have been assigned: 
		num positions      :  91
		num normals        :  91
		num tangents       :  0
		num uvs            :  182
		num uvs2           :  0
		num colors         :  0
		num indices        :  108
	processing begun of mesh:  CX_26
		WARNING: No materials have been assigned: 
		num positions      :  29
		num normals        :  29
		num tangents       :  0
		num uvs            :  58
		num uvs2           :  0
		num colors         :  0
		num indices        :  36
	processing begun of mesh:  CX_27
		WARNING: No materials have been assigned: 
		num positions      :  29
		num normals        :  29
		num tangents       :  0
		num uvs            :  58
		num uvs2           :  0
		num colors         :  0
		num indices        :  36
	processing begun of mesh:  CX_28
		WARNING: No materials have been assigned: 
		num positions      :  29
		num normals        :  29
		num tangents       :  0
		num uvs            :  58
		num uvs2           :  0
		num colors         :  0
		num indices        :  36
	processing begun of mesh:  CX_29
		WARNING: No materials have been assigned: 
		num positions      :  29
		num normals        :  29
		num tangents       :  0
		num uvs            :  58
		num uvs2           :  0
		num colors         :  0
		num indices        :  36
	processing begun of mesh:  CX_30
		WARNING: No materials have been assigned: 
		num positions      :  29
		num normals        :  29
		num tangents       :  0
		num uvs            :  58
		num uvs2           :  0
		num colors         :  0
		num indices        :  36
	processing begun of mesh:  CX_31
		WARNING: No materials have been assigned: 
		num positions      :  51
		num normals        :  51
		num tangents       :  0
		num uvs            :  102
		num uvs2           :  0
		num colors         :  0
		num indices        :  60
	processing begun of mesh:  CX_32
		WARNING: No materials have been assigned: 
		num positions      :  29
		num normals        :  29
		num tangents       :  0
		num uvs            :  58
		num uvs2           :  0
		num colors         :  0
		num indices        :  36
	processing begun of mesh:  CX_33
		WARNING: No materials have been assigned: 
		num positions      :  142
		num normals        :  142
		num tangents       :  0
		num uvs            :  284
		num uvs2           :  0
		num colors         :  0
		num indices        :  156
	processing begun of mesh:  CX_34
		WARNING: No materials have been assigned: 
		num positions      :  29
		num normals        :  29
		num tangents       :  0
		num uvs            :  58
		num uvs2           :  0
		num colors         :  0
		num indices        :  36
	processing begun of mesh:  CX_35
		WARNING: No materials have been assigned: 
		num positions      :  103
		num normals        :  103
		num tangents       :  0
		num uvs            :  206
		num uvs2           :  0
		num colors         :  0
		num indices        :  132
	processing begun of mesh:  CX_36
		WARNING: No materials have been assigned: 
		num positions      :  47
		num normals        :  47
		num tangents       :  0
		num uvs            :  94
		num uvs2           :  0
		num colors         :  0
		num indices        :  60
	processing begun of mesh:  CX_37
		WARNING: No materials have been assigned: 
		num positions      :  89
		num normals        :  89
		num tangents       :  0
		num uvs            :  178
		num uvs2           :  0
		num colors         :  0
		num indices        :  108
	processing begun of mesh:  CX_38
		WARNING: No materials have been assigned: 
		num positions      :  64
		num normals        :  64
		num tangents       :  0
		num uvs            :  128
		num uvs2           :  0
		num colors         :  0
		num indices        :  84
	processing begun of mesh:  CX_39
		WARNING: No materials have been assigned: 
		num positions      :  29
		num normals        :  29
		num tangents       :  0
		num uvs            :  58
		num uvs2           :  0
		num colors         :  0
		num indices        :  36
	processing begun of mesh:  CX_40
		WARNING: No materials have been assigned: 
		num positions      :  54
		num normals        :  54
		num tangents       :  0
		num uvs            :  108
		num uvs2           :  0
		num colors         :  0
		num indices        :  60
	processing begun of mesh:  CX_41
		WARNING: No materials have been assigned: 
		num positions      :  29
		num normals        :  29
		num tangents       :  0
		num uvs            :  58
		num uvs2           :  0
		num colors         :  0
		num indices        :  36
	processing begun of mesh:  CX_42
		WARNING: No materials have been assigned: 
		num positions      :  29
		num normals        :  29
		num tangents       :  0
		num uvs            :  58
		num uvs2           :  0
		num colors         :  0
		num indices        :  36
	processing begun of mesh:  CX_43
		WARNING: No materials have been assigned: 
		num positions      :  29
		num normals        :  29
		num tangents       :  0
		num uvs            :  58
		num uvs2           :  0
		num colors         :  0
		num indices        :  36
	processing begun of mesh:  CX_44
		WARNING: No materials have been assigned: 
		num positions      :  29
		num normals        :  29
		num tangents       :  0
		num uvs            :  58
		num uvs2           :  0
		num colors         :  0
		num indices        :  36
	processing begun of mesh:  CX_45
		WARNING: No materials have been assigned: 
		num positions      :  29
		num normals        :  29
		num tangents       :  0
		num uvs            :  58
		num uvs2           :  0
		num colors         :  0
		num indices        :  36
	processing begun of mesh:  Obj_start
		WARNING: No materials have been assigned: 
		num positions      :  2503
		num normals        :  2503
		num tangents       :  0
		num uvs            :  5006
		num uvs2           :  0
		num colors         :  0
		num indices        :  2796
	processing begun of mesh:  Obj_pillar1
		WARNING: No materials have been assigned: 
		num positions      :  778
		num normals        :  778
		num tangents       :  0
		num uvs            :  1556
		num uvs2           :  0
		num colors         :  0
		num indices        :  966
	processing begun of mesh:  Obj_pillar2
		WARNING: No materials have been assigned: 
		num positions      :  710
		num normals        :  710
		num tangents       :  0
		num uvs            :  1420
		num uvs2           :  0
		num colors         :  0
		num indices        :  864
	processing begun of mesh:  Obj_pillar3
		WARNING: No materials have been assigned: 
		num positions      :  1302
		num normals        :  1302
		num tangents       :  0
		num uvs            :  2604
		num uvs2           :  0
		num colors         :  0
		num indices        :  1374
	processing begun of mesh:  Obj_pillar4
		WARNING: No materials have been assigned: 
		num positions      :  2777
		num normals        :  2777
		num tangents       :  0
		num uvs            :  5554
		num uvs2           :  0
		num colors         :  0
		num indices        :  2922
	processing begun of mesh:  Obj_pillar5
		WARNING: No materials have been assigned: 
		num positions      :  1921
		num normals        :  1921
		num tangents       :  0
		num uvs            :  3842
		num uvs2           :  0
		num colors         :  0
		num indices        :  2256
	processing begun of mesh:  Obj_pillar6
		WARNING: No materials have been assigned: 
		num positions      :  1624
		num normals        :  1624
		num tangents       :  0
		num uvs            :  3248
		num uvs2           :  0
		num colors         :  0
		num indices        :  1920
	processing begun of mesh:  Obj_pillar7
		WARNING: No materials have been assigned: 
		num positions      :  1629
		num normals        :  1629
		num tangents       :  0
		num uvs            :  3258
		num uvs2           :  0
		num colors         :  0
		num indices        :  1920
	processing begun of mesh:  Obj_pillar8
		WARNING: No materials have been assigned: 
		num positions      :  1793
		num normals        :  1793
		num tangents       :  0
		num uvs            :  3586
		num uvs2           :  0
		num colors         :  0
		num indices        :  2064
	processing begun of mesh:  Obj_pillar9
		WARNING: No materials have been assigned: 
		num positions      :  1927
		num normals        :  1927
		num tangents       :  0
		num uvs            :  3854
		num uvs2           :  0
		num colors         :  0
		num indices        :  2064
	processing begun of mesh:  Obj_cave
		WARNING: No materials have been assigned: 
		num positions      :  3586
		num normals        :  3586
		num tangents       :  0
		num uvs            :  7172
		num uvs2           :  0
		num colors         :  0
		num indices        :  3594
	processing begun of mesh:  Obj_start_rocks
		WARNING: No materials have been assigned: 
		num positions      :  2400
		num normals        :  2400
		num tangents       :  0
		num uvs            :  4800
		num uvs2           :  0
		num colors         :  0
		num indices        :  2400
	processing begun of mesh:  Obj_roof_rocks
		WARNING: No materials have been assigned: 
		num positions      :  2160
		num normals        :  2160
		num tangents       :  0
		num uvs            :  4320
		num uvs2           :  0
		num colors         :  0
		num indices        :  2160
	processing begun of mesh:  Obj_Lever
		WARNING: No materials have been assigned: 
		num positions      :  288
		num normals        :  288
		num tangents       :  0
		num uvs            :  576
		num uvs2           :  0
		num colors         :  0
		num indices        :  288
	processing begun of mesh:  Obj_Rod
		WARNING: No materials have been assigned: 
		num positions      :  470
		num normals        :  470
		num tangents       :  0
		num uvs            :  940
		num uvs2           :  0
		num colors         :  0
		num indices        :  516
	processing begun of mesh:  Obj_lamp
		WARNING: No materials have been assigned: 
		num positions      :  206966
		num normals        :  206966
		num tangents       :  0
		num uvs            :  413932
		num uvs2           :  0
		num colors         :  0
		num indices        :  212976
		WARNING: # of 0 area faces found:  8
	processing begun of mesh:  Obj_rocks_floor
		WARNING: No materials have been assigned: 
		num positions      :  5757
		num normals        :  5757
		num tangents       :  0
		num uvs            :  11514
		num uvs2           :  0
		num colors         :  0
		num indices        :  5760
	processing begun of mesh:  Obj_rocks_decorative
		WARNING: No materials have been assigned: 
		num positions      :  77726
		num normals        :  77726
		num tangents       :  0
		num uvs            :  155452
		num uvs2           :  0
		num colors         :  0
		num indices        :  77760
	processing begun of mesh:  Obj_Crystals_GREEN
		WARNING: No materials have been assigned: 
		num positions      :  19839
		num normals        :  19839
		num tangents       :  0
		num uvs            :  39678
		num uvs2           :  0
		num colors         :  0
		num indices        :  20280
	processing begun of mesh:  Obj_Emerald_GREEN
		WARNING: No materials have been assigned: 
		num positions      :  7875
		num normals        :  7875
		num tangents       :  0
		num uvs            :  15750
		num uvs2           :  0
		num colors         :  0
		num indices        :  8436
	processing begun of mesh:  Obj_diamond_WHITE
		WARNING: No materials have been assigned: 
		num positions      :  4634
		num normals        :  4634
		num tangents       :  0
		num uvs            :  9268
		num uvs2           :  0
		num colors         :  0
		num indices        :  5040
	processing begun of mesh:  Obj_Crystals_BLUE
		WARNING: No materials have been assigned: 
		num positions      :  19829
		num normals        :  19829
		num tangents       :  0
		num uvs            :  39658
		num uvs2           :  0
		num colors         :  0
		num indices        :  20280
	processing begun of mesh:  Obj_Crystals_RED
		WARNING: No materials have been assigned: 
		num positions      :  13734
		num normals        :  13734
		num tangents       :  0
		num uvs            :  27468
		num uvs2           :  0
		num colors         :  0
		num indices        :  14040
	processing begun of mesh:  Obj_Emerald_RED
		WARNING: No materials have been assigned: 
		num positions      :  5748
		num normals        :  5748
		num tangents       :  0
		num uvs            :  11496
		num uvs2           :  0
		num colors         :  0
		num indices        :  6156
	processing begun of mesh:  Obj_Emerald_BLUE
		WARNING: No materials have been assigned: 
		num positions      :  5316
		num normals        :  5316
		num tangents       :  0
		num uvs            :  10632
		num uvs2           :  0
		num colors         :  0
		num indices        :  5700
	processing begun of mesh:  Obj_bridge_cord
		WARNING: No materials have been assigned: 
		num positions      :  6757
		num normals        :  6757
		num tangents       :  0
		num uvs            :  13514
		num uvs2           :  0
		num colors         :  0
		num indices        :  8040
	processing begun of mesh:  Obj_bridge_boards
		WARNING: No materials have been assigned: 
		num positions      :  927
		num normals        :  927
		num tangents       :  0
		num uvs            :  1854
		num uvs2           :  0
		num colors         :  0
		num indices        :  1080
	processing begun of mesh:  Obj_bridge_column
		WARNING: No materials have been assigned: 
		num positions      :  850
		num normals        :  850
		num tangents       :  0
		num uvs            :  1700
		num uvs2           :  0
		num colors         :  0
		num indices        :  936
	processing begun of mesh:  TB_lever
		WARNING: No materials have been assigned: 
		num positions      :  29
		num normals        :  29
		num tangents       :  0
		num uvs            :  58
		num uvs2           :  0
		num colors         :  0
		num indices        :  36
	processing begun of mesh:  TB_Lamp
		WARNING: No materials have been assigned: 
		num positions      :  29
		num normals        :  29
		num tangents       :  0
		num uvs            :  58
		num uvs2           :  0
		num colors         :  0
		num indices        :  36
	processing begun of mesh:  CX_Obj_wall
		WARNING: No materials have been assigned: 
		num positions      :  29
		num normals        :  29
		num tangents       :  0
		num uvs            :  58
		num uvs2           :  0
		num colors         :  0
		num indices        :  36
	processing begun of mesh:  Obj_diamond_YELLOW
		WARNING: No materials have been assigned: 
		num positions      :  3375
		num normals        :  3375
		num tangents       :  0
		num uvs            :  6750
		num uvs2           :  0
		num colors         :  0
		num indices        :  3696
	processing begun of mesh:  Obj_diamond_CYAN
		WARNING: No materials have been assigned: 
		num positions      :  3382
		num normals        :  3382
		num tangents       :  0
		num uvs            :  6764
		num uvs2           :  0
		num colors         :  0
		num indices        :  3696
	processing begun of mesh:  Obj_diamond_MAGENTA
		WARNING: No materials have been assigned: 
		num positions      :  2772
		num normals        :  2772
		num tangents       :  0
		num uvs            :  5544
		num uvs2           :  0
		num colors         :  0
		num indices        :  3024
========= Writing of JSON file started =========
	writing mesh:  OBJ_Controller
	writing mesh:  CX_1
	writing mesh:  CX_2
	writing mesh:  CX_3
	writing mesh:  CX_4
	writing mesh:  CX_5
	writing mesh:  CX_6
	writing mesh:  CX_7
	writing mesh:  CX_8
	writing mesh:  CX_9
	writing mesh:  CX_10
	writing mesh:  CX_11
	writing mesh:  CX_12
	writing mesh:  CX_Floor
	writing mesh:  Head
	writing mesh:  Left_Hand
	writing mesh:  Left_Lower_Arm
	writing mesh:  Left_Lower_leg
	writing mesh:  Left_Shoe
	writing mesh:  Left_Upper_Arm
	writing mesh:  Left_Upper_Leg
	writing mesh:  Lower_body
	writing mesh:  Neck
	writing mesh:  Right_Hand
	writing mesh:  Right_Lower_Arm
	writing mesh:  Right_Lower_Leg
	writing mesh:  Right_Shoe
	writing mesh:  Right_Upper_Arm
	writing mesh:  Right_Upper_Leg
	writing mesh:  Root
	writing mesh:  Upper_Body
	writing mesh:  CX_13
	writing mesh:  CX_14
	writing mesh:  CX_15
	writing mesh:  CX_16
	writing mesh:  CX_17
	writing mesh:  CX_18
	writing mesh:  CX_19
	writing mesh:  CX_20
	writing mesh:  CX_21
	writing mesh:  CX_22
	writing mesh:  CX_23
	writing mesh:  CX_24
	writing mesh:  CX_25
	writing mesh:  CX_26
	writing mesh:  CX_27
	writing mesh:  CX_28
	writing mesh:  CX_29
	writing mesh:  CX_30
	writing mesh:  CX_31
	writing mesh:  CX_32
	writing mesh:  CX_33
	writing mesh:  CX_34
	writing mesh:  CX_35
	writing mesh:  CX_36
	writing mesh:  CX_37
	writing mesh:  CX_38
	writing mesh:  CX_39
	writing mesh:  CX_40
	writing mesh:  CX_41
	writing mesh:  CX_42
	writing mesh:  CX_43
	writing mesh:  CX_44
	writing mesh:  CX_45
	writing mesh:  Obj_start
	writing mesh:  Obj_pillar1
	writing mesh:  Obj_pillar2
	writing mesh:  Obj_pillar3
	writing mesh:  Obj_pillar4
	writing mesh:  Obj_pillar5
	writing mesh:  Obj_pillar6
	writing mesh:  Obj_pillar7
	writing mesh:  Obj_pillar8
	writing mesh:  Obj_pillar9
	writing mesh:  Obj_cave
	writing mesh:  Obj_start_rocks
	writing mesh:  Obj_roof_rocks
	writing mesh:  Obj_Lever
	writing mesh:  Obj_Rod
	writing mesh:  Obj_lamp
	writing mesh:  Obj_rocks_floor
	writing mesh:  Obj_rocks_decorative
	writing mesh:  Obj_Crystals_GREEN
	writing mesh:  Obj_Emerald_GREEN
	writing mesh:  Obj_diamond_WHITE
	writing mesh:  Obj_Crystals_BLUE
	writing mesh:  Obj_Crystals_RED
	writing mesh:  Obj_Emerald_RED
	writing mesh:  Obj_Emerald_BLUE
	writing mesh:  Obj_bridge_cord
	writing mesh:  Obj_bridge_boards
	writing mesh:  Obj_bridge_column
	writing mesh:  TB_lever
	writing mesh:  TB_Lamp
	writing mesh:  CX_Obj_wall
	writing mesh:  Obj_diamond_YELLOW
	writing mesh:  Obj_diamond_CYAN
	writing mesh:  Obj_diamond_MAGENTA
========= Writing of JSON file completed =========
========= end of processing =========
elapsed time:  0 min, 13.8007 secs
